Deal ID: 016988842
Response: {
  "deal_id": "D094KB9QUNP",
  "client_company": "Airbnb",
  "primary_rep": {
    "id": "U094K124HS7",
    "name": "Bruce"
  },
  "last_activity_timestamp": "2025-07-07T16:02:56-07:00",
  "deal_stage": "negotiation",
  "deal_value_usd": 100000,
  "expected_close_date": "2025-07-14",

  "RISK_ASSESSMENT": {
    "Deal_Risk_Score": 30,
    "Churn_Risk": 20,
    "Timeline_Risk": 40,
    "Budget_Risk": 10
  },

  "DEAL_INSIGHTS": {
    "Key_Objections": ["termination clause", "technical fit"],
    "Decision_Maker_Status": "confirmed",
    "Urgency_Level": "high",
    "Competitive_Position": "neutral"
  },

  "ACTIVITY_ANALYSIS": {
    "message_count": 13,
    "prospect_response_time_sec": 52.0,
    "engagement_trend": "improving",
    "last_touch_channel": "slack",
    "last_touch_summary": "Sophia confirmed the last blocker on their side and is ready to proceed once legal is satisfied."
  },

  "AI_GENERATED_SUMMARY": "Bruce and Sophia are negotiating the final terms of a deal for a Sales Suite Upgrade. The primary concern is the termination clause, which Bruce is addressing with their legal team. The deal is on track to close soon, with urgency from Sophia to finalize by Friday.",
  
  "RECOMMENDATIONS": {
    "Next_Steps": ["Coordinate with legal on termination clause", "Follow up with Sophia on legal approval", "Prepare for signature process"],
    "Escalation_Triggers": "If legal approval is not received by Thursday",
    "Deal_Acceleration_Tactics": "Offer a limited-time incentive for quick signatures"
  },

  "AI_GENERATED_FOLLOW_UP": {
    "Email_Draft": "Subject: Quick Update on Contract\n\nHi Sophia,\n\nI wanted to provide a quick update regarding the termination clause. I'm working with our legal team to get that revised and will keep you posted.\n\nLooking forward to wrapping this up smoothly!\n\nBest,\nBruce",
    "Slack_Message": "Hey Sophia, just checking in on the legal review. Let me know if there's anything else you need from my side!"
  },

  "PARTICIPANTS": [
    {
      "id": "U094K124HS7",
      "name": "Bruce",
      "role": "rep",
      "sentiment": "positive",
      "communication_score": 85
    },
    {
      "id": "U094C5HKJET",
      "name": "Sophia",
      "role": "decision_maker",
      "sentiment": "positive",
      "communication_score": 80
    }
  ],

  "TAGS": ["legal_review", "timeline_sensitive", "technical_question", "urgent_response_needed"]
}
--------------------------------
Deal ID: 016988842
Response: {
  "deal_id": "197e71cffc593dd2",
  "client_company": "Airbnb",
  "primary_rep": {
    "id": "U094K124HS7",
    "name": "Bruce"
  },
  "last_activity_timestamp": "2025-07-07T16:02:56-07:00",
  "deal_stage": "negotiation",
  "deal_value_usd": 0,
  "expected_close_date": "2025-07-11",

  "RISK_ASSESSMENT": {
    "Deal_Risk_Score": 40,
    "Churn_Risk": 30,
    "Timeline_Risk": 20,
    "Budget_Risk": 10
  },

  "DEAL_INSIGHTS": {
    "Key_Objections": ["termination clause", "technical fit"],
    "Decision_Maker_Status": "engaged",
    "Urgency_Level": "high",
    "Competitive_Position": "neutral"
  },

  "ACTIVITY_ANALYSIS": {
    "message_count": 13,
    "prospect_response_time_sec": 68,
    "engagement_trend": "improving",
    "last_touch_channel": "email",
    "last_touch_summary": "Bruce confirmed implementation support is included and offered to move the conversation to Slack."
  },

  "AI_GENERATED_SUMMARY": "Bruce is actively working with Sophia from Airbnb on a Salesforce Sales Suite upgrade proposal. The main objections have been addressed, and both parties are aligned on the next steps to finalize the deal. The urgency is high to close by Friday for onboarding.",
  
  "RECOMMENDATIONS": {
    "Next_Steps": ["Send the revised proposal highlighting implementation support", "Coordinate signatures by Friday", "Maintain communication through Slack"],
    "Escalation_Triggers": "If feedback is not received within 24 hours",
    "Deal_Acceleration_Tactics": "Offer additional incentives for quicker sign-off"
  },

  "AI_GENERATED_FOLLOW_UP": {
    "Email_Draft": "Subject: Follow-Up on Proposal\n\nHi Sophia,\n\nI just wanted to follow up on the proposal I sent over. I have included the implementation support details as discussed. Please let me know if you have any further questions or if we can finalize the document for signatures.\n\nLooking forward to your response.\n\nBest,\nBruce",
    "Slack_Message": "Hey Sophia, just checking in on the proposal! Let me know if you need any more info or if we can get the revised doc signed off. Thanks!"
  },

  "PARTICIPANTS": [
    {
      "id": "U094K124HS7",
      "name": "Bruce",
      "role": "rep",
      "sentiment": "positive",
      "communication_score": 85
    },
    {
      "id": "U094C5HKJET",
      "name": "Sophia",
      "role": "decision_maker",
      "sentiment": "positive",
      "communication_score": 80
    }
  ],

  "TAGS": ["legal_review", "timeline_sensitive", "technical_question", "follow_up_sent"]
}
--------------------------------
