Deal ID: 1111111
Response: {
  "deal_id": "D094KB9QUNP",
  "client_company": "Airbnb",
  "primary_rep": {
    "id": "U094K124HS7",
    "name": "Bruce"
  },
  "last_activity_timestamp": "2025-07-07T16:02:56-07:00",
  "deal_stage": "negotiation",
  "deal_value_usd": 0,
  "expected_close_date": "2025-07-07",

  "RISK_ASSESSMENT": {
    "Deal_Risk_Score": 30,
    "Churn_Risk": 20,
    "Timeline_Risk": 40,
    "Budget_Risk": 10
  },

  "DEAL_INSIGHTS": {
    "Key_Objections": ["termination clause wording"],
    "Decision_Maker_Status": "confirmed",
    "Urgency_Level": "high",
    "Competitive_Position": "neutral"
  },

  "ACTIVITY_ANALYSIS": {
    "message_count": 13,
    "rep_response_time_sec": 19,
    "engagement_trend": "improving",
    "last_touch_channel": "slack",
    "last_touch_summary": "Bruce confirmed he would update the termination clause as requested by Sophia and stay in sync for signatures."
  },

  "AI_GENERATED_SUMMARY": "Sophia requested a change to the termination clause, and Bruce agreed to update the draft and coordinate with legal. Sophia confirmed this was the last blocker and they aim to have signatures by Friday. Bruce also sent a proposal for a Salesforce Sales Suite Upgrade, which Sophia acknowledged and had questions about implementation support, leading to further discussions on Slack.",

  "RECOMMENDATIONS": {
    "Next_Steps": ["Finalize the legal document with the updated termination clause", "Coordinate with Sophia for signature collection", "Ensure onboarding is scheduled for August 5"],
    "Escalation_Triggers": "Delay in legal approval or lack of response from Sophia",
    "Deal_Acceleration_Tactics": "Proactively follow up with legal and provide regular updates to Sophia"
  },

  "AI_GENERATED_FOLLOW_UP": {
    "Email_Draft": "Subject: Follow-up on Legal Document\n\nHi Sophia,\n\nI wanted to follow up regarding the legal document we discussed. I've coordinated with our legal team to update the termination clause as per your request. I’ll keep you posted on the progress and let you know once we have the final version for signatures.\n\nLooking forward to getting this wrapped up!\n\nBest,\nBruce",
    "Slack_Message": "Hi Sophia, just wanted to keep you updated that I'll have the revised termination clause ready shortly. Let's aim to get everything signed by Friday!",
    "Internal_Note": "Ensure legal team prioritizes the termination clause update to meet Sophia's timeline."
  },

  "PARTICIPANTS": [
    {
      "id": "U094K124HS7",
      "name": "Bruce",
      "role": "rep",
      "sentiment": "positive",
      "communication_score": 85
    },
    {
      "id": "U094C5HKJET",
      "name": "Sophia",
      "role": "decision_maker",
      "sentiment": "positive",
      "communication_score": 80
    }
  ],

  "TAGS": ["legal_review", "timeline_sensitive", "implementation_question", "proposal", "slack_communication"]
}
--------------------------------
Deal ID: 1111111
Response: {
  "deal_id": "D094KB9QUNP",
  "client_company": "Airbnb",
  "primary_rep": {
    "id": "U094K124HS7",
    "name": "Bruce Wayne"
  },
  "last_activity_timestamp": "2025-07-07T16:02:56-07:00",
  "deal_stage": "negotiation",
  "deal_value_usd": 100000,
  "expected_close_date": "2025-07-07",

  "RISK_ASSESSMENT": {
    "Deal_Risk_Score": 30,
    "Churn_Risk": 10,
    "Timeline_Risk": 20,
    "Budget_Risk": 15
  },

  "DEAL_INSIGHTS": {
    "Key_Objections": ["termination clause wording"],
    "Decision_Maker_Status": "confirmed",
    "Urgency_Level": "high",
    "Competitive_Position": "neutral"
  },

  "ACTIVITY_ANALYSIS": {
    "message_count": 13,
    "rep_response_time_sec": 11.8,
    "engagement_trend": "improving",
    "last_touch_channel": "slack",
    "last_touch_summary": "Bruce confirmed he will coordinate with legal on the termination clause and keep Sophia updated."
  },

  "AI_GENERATED_SUMMARY": "Sophia raised an objection regarding the termination clause, requesting a 30-day notice instead of 60. Bruce agreed to coordinate with legal to update the draft. Sophia is pushing to get signatures wrapped up by Friday, indicating a high urgency to finalize the deal for onboarding on August 5.",

  "RECOMMENDATIONS": {
    "Next_Steps": ["Coordinate with legal to finalize the termination clause", "Update Sophia on legal's feedback", "Prepare for signature process"],
    "Escalation_Triggers": "Delay in legal approval beyond a few hours",
    "Deal_Acceleration_Tactics": "Offer to expedite the legal review process if needed"
  },

  "AI_GENERATED_FOLLOW_UP": {
    "Email_Draft": "Subject: Update on Contract Revision\n\nHi Sophia,\n\nI hope this message finds you well. I wanted to let you know that I have sent the revised draft to our legal team regarding the termination clause. I will keep you posted as soon as I hear back from them.\n\nThank you for your patience, and I’m looking forward to wrapping this up by Friday!\n\nBest,\nBruce",
    "Slack_Message": "Hi Sophia, just a quick update that I've sent the revised draft to legal. I'll keep you posted on their feedback so we can finalize everything by Friday!",
    "Internal_Note": "Follow up with legal to ensure the termination clause is updated to 30-day notice as requested by Sophia."
  },

  "PARTICIPANTS": [
    {
      "id": "U094K124HS7",
      "name": "Bruce Wayne",
      "role": "rep",
      "sentiment": "positive",
      "communication_score": 85
    },
    {
      "id": "U094C5HKJET",
      "name": "Sophia Nguyen",
      "role": "decision_maker",
      "sentiment": "positive",
      "communication_score": 80
    }
  ],

  "TAGS": ["legal_review", "timeline_sensitive", "implementation_question", "follow_up", "slack_communication"]
}
--------------------------------
Deal ID: 1111111
Response: {
  "deal_id": "D094KB9QUNP",
  "client_company": "Airbnb",
  "primary_rep": {
    "id": "U094K124HS7",
    "name": "Bruce"
  },
  "last_activity_timestamp": "2025-07-07T16:02:56-07:00",
  "deal_stage": "negotiation",
  "deal_value_usd": 0,
  "expected_close_date": "2025-07-07",

  "RISK_ASSESSMENT": {
    "Deal_Risk_Score": 30,
    "Churn_Risk": 20,
    "Timeline_Risk": 40,
    "Budget_Risk": 10
  },

  "DEAL_INSIGHTS": {
    "Key_Objections": ["termination clause"],
    "Decision_Maker_Status": "confirmed",
    "Urgency_Level": "high",
    "Competitive_Position": "leading"
  },

  "ACTIVITY_ANALYSIS": {
    "message_count": 10,
    "rep_response_time_sec": 56.0,
    "engagement_trend": "improving",
    "last_touch_channel": "email",
    "last_touch_summary": "Bruce sent a revised proposal and confirmed implementation support."
  },

  "AI_GENERATED_SUMMARY": "Bruce is negotiating the final details of the contract with Sophia, who has confirmed that the only blocker is the termination clause. Bruce has agreed to modify this clause and is coordinating with legal. The urgency is high as Sophia aims to finalize signatures by Friday.",
  
  "RECOMMENDATIONS": {
    "Next_Steps": ["Coordinate with legal to finalize the contract", "Follow up with Sophia to confirm signature timeline"],
    "Escalation_Triggers": "If legal delays the revision beyond a few hours",
    "Deal_Acceleration_Tactics": "Offer additional incentives for a quicker decision"
  },

  "AI_GENERATED_FOLLOW_UP": {
    "Email_Draft": "Subject: Follow-up on Contract Revision\n\nHi Sophia,\n\nI wanted to follow up regarding the changes to the termination clause. Our legal team is working on it and I’ll keep you updated. Let’s aim to finalize everything by Friday as discussed.\n\nBest,\nBruce",
    "Slack_Message": "Hi Sophia, just checking in on the contract revision. Legal is on it, and I’ll keep you posted. Looking forward to wrapping this up soon!",
    "Internal_Note": "Keep an eye on the legal team's progress to ensure we meet the Friday deadline for signatures."
  },

  "PARTICIPANTS": [
    {
      "id": "U094K124HS7",
      "name": "Bruce",
      "role": "rep",
      "sentiment": "positive",
      "communication_score": 85
    },
    {
      "id": "U094C5HKJET",
      "name": "Sophia",
      "role": "decision_maker",
      "sentiment": "positive",
      "communication_score": 80
    }
  ],

  "TAGS": ["legal_review", "timeline_sensitive", "follow_up", "technical_question"]
}
--------------------------------
