Deal ID: 1
Response: {
  "deal_id": "deal_12345",
  "client_company": "Airbnb",
  "primary_rep": {
    "id": "U094C5HKJET",
    "name": "Sophia"
  },
  "last_activity_timestamp": "2025-07-07T16:02:56Z",
  "deal_stage": "negotiation",
  "deal_value_usd": 0,
  "expected_close_date": "2025-07-11",

  "RISK_ASSESSMENT": {
    "Deal_Risk_Score": 20,
    "Churn_Risk": 10,
    "Timeline_Risk": 30,
    "Budget_Risk": 0,
    "deal_risk_explanation": "Minor legal adjustment needed, but both parties are aligned.",
    "churn_risk_explanation": "Low risk as prospect is engaged and responsive.",
    "timeline_risk_explanation": "Some urgency to finalize by Friday, but manageable.",
    "budget_risk_explanation": "No budget concerns indicated."
  },

  "DEAL_INSIGHTS": {
    "Key_Objections": ["implementation support clarity"],
    "Decision_Maker_Status": "engaged",
    "Urgency_Level": "high",
    "Competitive_Position": "neutral"
  },

  "ACTIVITY_ANALYSIS": {
    "message_count": 13,
    "prospect_response_time_sec": 27.5,
    "engagement_trend": "improving",
    "last_touch_channel": "slack",
    "last_touch_summary": "Finalizing legal terms and confirming onboarding timeline."
  },
  
  "TIMELINE": [
    {
      "event_date": "2025-07-07",
      "event_description": "Legal team to finalize contract adjustments.",
      "event_type": "action"
    },
    {
      "event_date": "2025-07-07",
      "event_description": "Proposal for Sales Suite Upgrade sent to prospect.",
      "event_type": "action"
    },
    {
      "event_date": "2025-07-11",
      "event_description": "Expected signing of contract.",
      "event_type": "milestone"
    }
  ],

  "AI_GENERATED_SUMMARY": "The deal involves a Salesforce Sales Suite Upgrade for Airbnb, with ongoing negotiations to adjust the contract's termination clause. Both parties are aligned on timelines for signing and onboarding, with minor clarifications needed on implementation support.",
  
  "RECOMMENDATIONS": {
    "Next_Steps": ["Finalize legal adjustments", "Send updated proposal", "Schedule a follow-up call to confirm next actions"],
    "Escalation_Triggers": "Delay in legal approval beyond expected timelines",
    "Deal_Acceleration_Tactics": "Offer additional incentives for early signing"
  },

  "AI_GENERATED_FOLLOW_UP": {
    "Email_Draft": [
      {
        "subject": "Follow-up on Contract Adjustments",
        "body": "Hi Bruce,\n\nI wanted to check in regarding the contract adjustments we discussed. Please let me know if your legal team has finalized the changes. We're eager to move forward and ensure everything is set for onboarding.\n\nBest,\nSophia"
      }
    ],
    "Slack_Message": "Hey Bruce, just checking in on the legal adjustments. Looking forward to wrapping this up!"
  },

  "PARTICIPANTS": [
    {
      "id": "U094C5HKJET",
      "name": "Sophia",
      "role": "rep",
      "sentiment": "positive",
      "communication_score": 85
    },
    {
      "id": "U094K124HS7",
      "name": "Bruce",
      "role": "decision_maker",
      "sentiment": "positive",
      "communication_score": 80
    }
  ],

  "TAGS": ["deal_progress", "legal_review", "positive_sentiment", "timeline_set", "smooth_negotiation"]
}
--------------------------------
Deal ID: 1
Response: {
  "deal_id": "197e6e21467c29cd",
  "client_company": "FedEx Ops",
  "primary_rep": {
    "id": "bruce.wayne.goatforce@gmail.com",
    "name": "Bruce Wayne"
  },
  "last_activity_timestamp": "2025-07-07T15:22:08-07:00",
  "deal_stage": "qualification",
  "deal_value_usd": 0,
  "expected_close_date": "2025-08-01",

  "RISK_ASSESSMENT": {
    "Deal_Risk_Score": 40,
    "Churn_Risk": 30,
    "Timeline_Risk": 20,
    "Budget_Risk": 25,
    "deal_risk_explanation": "The deal is in the qualification stage with some objections raised, but the prospect has shown interest.",
    "churn_risk_explanation": "The prospect is evaluating multiple platforms, which raises concerns about potential churn.",
    "timeline_risk_explanation": "The timeline appears stable as a meeting is scheduled, but internal discussions are still ongoing.",
    "budget_risk_explanation": "No explicit budget concerns have been mentioned, but the prospect is still in the early evaluation phase."
  },

  "DEAL_INSIGHTS": {
    "Key_Objections": ["technical fit"],
    "Decision_Maker_Status": "unknown",
    "Urgency_Level": "medium",
    "Competitive_Position": "neutral"
  },

  "ACTIVITY_ANALYSIS": {
    "message_count": 6,
    "prospect_response_time_sec": 24,
    "engagement_trend": "improving",
    "last_touch_channel": "email",
    "last_touch_summary": "The prospect confirmed the meeting and requested additional information about CRM capabilities."
  },
  
  "TIMELINE": [
    {
      "event_date": "2025-07-07",
      "event_description": "Initial outreach by Bruce Wayne to David Gonzalez regarding CRM solutions.",
      "event_type": "email"
    },
    {
      "event_date": "2025-07-07",
      "event_description": "David Gonzalez expressed interest and confirmed a meeting for further discussion.",
      "event_type": "email"
    },
    {
      "event_date": "2025-07-11",
      "event_description": "Scheduled meeting to discuss CRM solutions and integration concerns.",
      "event_type": "meeting"
    }
  ],

  "AI_GENERATED_SUMMARY": "Bruce Wayne from GoatForce initiated a conversation with David Gonzalez at FedEx Ops about CRM solutions. David expressed interest and confirmed a meeting while raising concerns about integration and handling multiple business units. Bruce addressed these concerns by providing relevant materials and scheduling a meeting. The engagement is progressing positively with identified topics for discussion.",
  
  "RECOMMENDATIONS": {
    "Next_Steps": [
      "Prepare for the upcoming meeting by reviewing integration capabilities.",
      "Gather additional case studies relevant to large, distributed operations.",
      "Send follow-up materials as requested by the prospect."
    ],
    "Escalation_Triggers": "If the prospect indicates a preference for a competitor or expresses dissatisfaction with the provided materials.",
    "Deal_Acceleration_Tactics": "Offer a demo or trial period to showcase the CRM's capabilities."
  },

  "AI_GENERATED_FOLLOW_UP": {
    "Email_Draft": [
      {
        "subject": "Looking Forward to Our Meeting",
        "body": "Hi David,\n\nI’m looking forward to our meeting on Tuesday at 11 a.m. PST. In the meantime, I’ve attached a document that highlights how our CRM handles multiple business units, as discussed. Please let me know if you have any other questions before our call.\n\nBest,\nBruce"
      }
    ],
    "Slack_Message": "Hi David, just confirming our meeting on Tuesday at 11 a.m. PST. Looking forward to our discussion!"
  },

  "PARTICIPANTS": [
    {
      "id": "bruce.wayne.goatforce@gmail.com",
      "name": "Bruce Wayne",
      "role": "rep",
      "sentiment": "positive",
      "communication_score": 85
    },
    {
      "id": "david.gonzalez.fedex2025@gmail.com",
      "name": "David Gonzalez",
      "role": "unknown",
      "sentiment": "positive",
      "communication_score": 80
    }
  ],

  "TAGS": ["meeting_scheduled", "technical_question", "integration_concern", "product_info_request"]
}
--------------------------------
