Deal ID: 29
Response: {
  "deal_id": "marketing-cloud-lite-proposal-review",
  "client_company": "Spotify",
  "primary_rep": {
    "id": "bruce.wayne.goatforce@gmail.com",
    "name": "Bruce Wayne"
  },
  "last_activity_timestamp": "2025-07-07T15:48:29-07:00",
  "deal_stage": "paused",
  "deal_value_usd": 90000,
  "expected_close_date": null,

  "RISK_ASSESSMENT": {
    "Deal_Risk_Score": 80,
    "Churn_Risk": 90,
    "Timeline_Risk": 70,
    "Budget_Risk": 90,
    "deal_risk_explanation": "The deal is paused, indicating a high risk of losing the prospect's interest.",
    "churn_risk_explanation": "The prospect is actively considering other vendors, which raises the likelihood of switching.",
    "timeline_risk_explanation": "The prospect has expressed a need for immediate deployment, which increases pressure on the timeline.",
    "budget_risk_explanation": "The prospect's budget cap of $90K creates significant constraints on the deal's viability."
  },

  "DEAL_INSIGHTS": {
    "Key_Objections": ["pricing", "value", "need", "timeline", "budget"],
    "Decision_Maker_Status": "unknown",
    "Urgency_Level": "high",
    "Competitive_Position": "behind"
  },

  "ACTIVITY_ANALYSIS": {
    "message_count": 10,
    "prospect_response_time_sec": 34.25,
    "engagement_trend": "declining",
    "last_touch_channel": "email",
    "last_touch_summary": "The prospect has paused the deal, expressing that they will return if leadership is still interested."
  },

  "TIMELINE": [
    {
      "event_date": "2025-07-07",
      "event_description": "Bruce followed up on the proposal regarding Marketing Cloud Lite.",
      "event_type": "Follow Up"
    },
    {
      "event_date": "2025-07-07",
      "event_description": "Emily raised objections regarding pricing and the need for a budget under $90K.",
      "event_type": "Objection Raised"
    },
    {
      "event_date": "2025-07-07",
      "event_description": "The prospect decided to pause the deal, stating they would circle back if leadership is still interested.",
      "event_type": "Deal Paused"
    }
  ],

  "AI_GENERATED_SUMMARY": "The sales representative Bruce Wayne followed up on a proposal for Marketing Cloud Lite. The prospect, Emily Johnson, raised several objections including high price, competitive offerings, strict budget limits ($90K), and a need for out-of-the-box functionality without a long rollout. Bruce committed to revising the proposal to address these points, but Emily decided to pause the discussion, stating she would circle back if leadership was still interested.",

  "RECOMMENDATIONS": {
    "Next_Steps": ["Revise the proposal to meet budget constraints", "Highlight competitive advantages", "Clarify rapid deployment capabilities"],
    "Escalation_Triggers": "If no response from Emily within a week, consider escalating to higher management.",
    "Deal_Acceleration_Tactics": "Offer a phased rollout option and provide a detailed feature breakdown."
  },

  "AI_GENERATED_FOLLOW_UP": {
    "Email_Draft": [
      {
        "subject": "Revising Our Proposal for Marketing Cloud Lite",
        "body": "Hi Emily,\n\nThank you for your feedback on our proposal. I understand the budget constraints and the need for a solution that works out-of-the-box. I will revise the proposal to better align with your requirements and aim to get it as close as possible to $90K. \n\nPlease let me know if there are any other specific features or concerns you would like me to address.\n\nBest,\nBruce"
      }
    ],
    "Slack_Message": "Hi Emily, I'm working on revising the proposal to better meet your budget and deployment needs. I'll get it back to you soon!"
  },

  "PARTICIPANTS": [
    {
      "id": "bruce.wayne.goatforce@gmail.com",
      "name": "Bruce Wayne",
      "role": "rep",
      "sentiment": "neutral",
      "communication_score": 70
    },
    {
      "id": "emily.johnson.spotify2025@gmail.com",
      "name": "Emily Johnson",
      "role": "decision_maker",
      "sentiment": "negative",
      "communication_score": 40
    }
  ],

  "TAGS": ["pricing_objection", "budget_constraint", "timeline_objection", "competitor_comparison", "proposal_revision", "deal_paused"]
}
--------------------------------
Deal ID: 29
Response: {
  "deal_id": "marketing-cloud-lite-proposal-review",
  "client_company": "Spotify",
  "primary_rep": {
    "id": "bruce.wayne.goatforce@gmail.com",
    "name": "Bruce Wayne"
  },
  "last_activity_timestamp": "2025-07-07T15:48:29-07:00",
  "deal_stage": "paused",
  "deal_value_usd": 90000,
  "expected_close_date": null,
  "RISK_ASSESSMENT": {
    "Deal_Risk_Score": 80,
    "Churn_Risk": 90,
    "Timeline_Risk": 70,
    "Budget_Risk": 90,
    "deal_risk_explanation": "The deal is paused, indicating a high risk of losing the prospect's interest.",
    "churn_risk_explanation": "The prospect is actively considering other vendors, which raises the likelihood of switching.",
    "timeline_risk_explanation": "The prospect has expressed a need for immediate deployment, which increases pressure on the timeline.",
    "budget_risk_explanation": "The prospect's budget cap of $90K creates significant constraints on the deal's viability."
  },
  "DEAL_INSIGHTS": {
    "Key_Objections": ["pricing", "value", "need", "timeline", "budget"],
    "Decision_Maker_Status": "unknown",
    "Urgency_Level": "high",
    "Competitive_Position": "behind"
  },
  "ACTIVITY_ANALYSIS": {
    "message_count": 10,
    "prospect_response_time_sec": 34.25,
    "engagement_trend": "declining",
    "last_touch_channel": "email",
    "last_touch_summary": "The prospect has paused the deal, expressing that they will return if leadership is still interested."
  },
  "TIMELINE": [
    {
      "event_date": "2025-07-07",
      "event_description": "Bruce followed up on the proposal regarding Marketing Cloud Lite.",
      "event_type": "Follow Up"
    },
    {
      "event_date": "2025-07-07",
      "event_description": "Emily raised objections regarding pricing and the need for a budget under $90K.",
      "event_type": "Objection Raised"
    },
    {
      "event_date": "2025-07-07",
      "event_description": "The prospect decided to pause the deal, stating they would circle back if leadership is still interested.",
      "event_type": "Deal Paused"
    }
  ],
  "AI_GENERATED_SUMMARY": "The sales representative Bruce Wayne followed up on a proposal for Marketing Cloud Lite. The prospect, Emily Johnson, raised several objections including high price, competitive offerings, strict budget limits ($90K), and a need for out-of-the-box functionality without a long rollout. Bruce committed to revising the proposal to address these points, but Emily decided to pause the discussion, stating she would circle back if leadership was still interested.",
  "RECOMMENDATIONS": {
    "Next_Steps": [
      "Revise the proposal to meet budget constraints",
      "Highlight competitive advantages",
      "Clarify rapid deployment capabilities"
    ],
    "Escalation_Triggers": "If no response from Emily within a week, consider escalating to higher management.",
    "Deal_Acceleration_Tactics": "Offer a phased rollout option and provide a detailed feature breakdown."
  },
  "AI_GENERATED_FOLLOW_UP": {
    "Email_Draft": [
      {
        "subject": "Revising Our Proposal for Marketing Cloud Lite",
        "body": "Hi Emily,\n\nThank you for your feedback on our proposal. I understand the budget constraints and the need for a solution that works out-of-the-box. I will revise the proposal to better align with your requirements and aim to get it as close as possible to $90K.\n\nPlease let me know if there are any other specific features or concerns you would like me to address.\n\nBest,\nBruce"
      }
    ],
    "Slack_Message": "Hi Emily, I'm working on revising the proposal to better meet your budget and deployment needs. I'll get it back to you soon!"
  },
  "PARTICIPANTS": [
    {
      "id": "bruce.wayne.goatforce@gmail.com",
      "name": "Bruce Wayne",
      "role": "rep",
      "sentiment": "neutral",
      "communication_score": 70
    },
    {
      "id": "emily.johnson.spotify2025@gmail.com",
      "name": "Emily Johnson",
      "role": "decision_maker",
      "sentiment": "negative",
      "communication_score": 40
    }
  ],
  "TAGS": ["pricing_objection", "budget_constraint", "timeline_objection", "competitor_comparison", "proposal_revision", "deal_paused"]
}
--------------------------------
Deal ID: 29
Response: {
  "deal_id": "marketing-cloud-lite-proposal-review",
  "client_company": "Spotify",
  "primary_rep": {
    "id": "bruce.wayne.goatforce@gmail.com",
    "name": "Bruce Wayne"
  },
  "last_activity_timestamp": "2025-07-07T15:48:29-07:00",
  "deal_stage": "paused",
  "deal_value_usd": 90000,
  "expected_close_date": null,
  "RISK_ASSESSMENT": {
    "Deal_Risk_Score": 80,
    "Churn_Risk": 90,
    "Timeline_Risk": 70,
    "Budget_Risk": 90,
    "deal_risk_explanation": "The deal is paused, indicating a high risk of losing the prospect's interest.",
    "churn_risk_explanation": "The prospect is actively considering other vendors, which raises the likelihood of switching.",
    "timeline_risk_explanation": "The prospect has expressed a need for immediate deployment, which increases pressure on the timeline.",
    "budget_risk_explanation": "The prospect's budget cap of $90K creates significant constraints on the deal's viability."
  },
  "DEAL_INSIGHTS": {
    "Key_Objections": ["pricing", "value", "need", "timeline", "budget"],
    "Decision_Maker_Status": "unknown",
    "Urgency_Level": "high",
    "Competitive_Position": "behind"
  },
  "ACTIVITY_ANALYSIS": {
    "message_count": 10,
    "prospect_response_time_sec": 34.25,
    "engagement_trend": "declining",
    "last_touch_channel": "email",
    "last_touch_summary": "The prospect has paused the deal, expressing that they will return if leadership is still interested."
  },
  "TIMELINE": [
    {
      "event_date": "2025-07-07",
      "event_description": "Bruce followed up on the proposal regarding Marketing Cloud Lite.",
      "event_type": "Follow Up"
    },
    {
      "event_date": "2025-07-07",
      "event_description": "Emily raised objections regarding pricing and the need for a budget under $90K.",
      "event_type": "Objection Raised"
    },
    {
      "event_date": "2025-07-07",
      "event_description": "The prospect decided to pause the deal, stating they would circle back if leadership is still interested.",
      "event_type": "Deal Paused"
    }
  ],
  "AI_GENERATED_SUMMARY": "The sales representative Bruce Wayne followed up on a proposal for Marketing Cloud Lite. The prospect, Emily Johnson, raised several objections including high price, competitive offerings, strict budget limits ($90K), and a need for out-of-the-box functionality without a long rollout. Bruce committed to revising the proposal to address these points, but Emily decided to pause the discussion, stating she would circle back if leadership was still interested.",
  "RECOMMENDATIONS": {
    "Next_Steps": [
      "Revise the proposal to meet budget constraints",
      "Highlight competitive advantages",
      "Clarify rapid deployment capabilities"
    ],
    "Escalation_Triggers": "If no response from Emily within a week, consider escalating to higher management.",
    "Deal_Acceleration_Tactics": "Offer a phased rollout option and provide a detailed feature breakdown."
  },
  "AI_GENERATED_FOLLOW_UP": {
    "Email_Draft": [
      {
        "subject": "Revising Our Proposal for Marketing Cloud Lite",
        "body": "Hi Emily,\n\nThank you for your feedback on our proposal. I understand the budget constraints and the need for a solution that works out-of-the-box. I will revise the proposal to better align with your requirements and aim to get it as close as possible to $90K.\n\nPlease let me know if there are any other specific features or concerns you would like me to address.\n\nBest,\nBruce"
      }
    ],
    "Slack_Message": "Hi Emily, I'm working on revising the proposal to better meet your budget and deployment needs. I'll get it back to you soon!"
  },
  "PARTICIPANTS": [
    {
      "id": "bruce.wayne.goatforce@gmail.com",
      "name": "Bruce Wayne",
      "role": "rep",
      "sentiment": "neutral",
      "communication_score": 70
    },
    {
      "id": "emily.johnson.spotify2025@gmail.com",
      "name": "Emily Johnson",
      "role": "decision_maker",
      "sentiment": "negative",
      "communication_score": 40
    }
  ],
  "TAGS": [
    "pricing_objection",
    "budget_constraint",
    "timeline_objection",
    "competitor_comparison",
    "proposal_revision",
    "deal_paused"
  ]
}
--------------------------------
Deal ID: 29
Response: {
  "deal_id": "marketing-cloud-lite-proposal-review",
  "client_company": "Spotify",
  "primary_rep": {
    "id": "bruce.wayne.goatforce@gmail.com",
    "name": "Bruce Wayne"
  },
  "last_activity_timestamp": "2025-07-07T15:48:29-07:00",
  "deal_stage": "paused",
  "deal_value_usd": 90000,
  "expected_close_date": null,
  "RISK_ASSESSMENT": {
    "Deal_Risk_Score": 80,
    "Churn_Risk": 90,
    "Timeline_Risk": 70,
    "Budget_Risk": 90,
    "deal_risk_explanation": "The deal is paused, indicating a high risk of losing the prospect's interest.",
    "churn_risk_explanation": "The prospect is actively considering other vendors, which raises the likelihood of switching.",
    "timeline_risk_explanation": "The prospect has expressed a need for immediate deployment, which increases pressure on the timeline.",
    "budget_risk_explanation": "The prospect's budget cap of $90K creates significant constraints on the deal's viability."
  },
  "DEAL_INSIGHTS": {
    "Key_Objections": ["pricing", "value", "need", "timeline", "budget"],
    "Decision_Maker_Status": "unknown",
    "Urgency_Level": "high",
    "Competitive_Position": "behind"
  },
  "ACTIVITY_ANALYSIS": {
    "message_count": 10,
    "prospect_response_time_sec": 34.25,
    "engagement_trend": "declining",
    "last_touch_channel": "email",
    "last_touch_summary": "The prospect has paused the deal, expressing that they will return if leadership is still interested."
  },
  "TIMELINE": [
    {
      "event_date": "2025-07-07",
      "event_description": "Bruce followed up on the proposal regarding Marketing Cloud Lite.",
      "event_type": "Follow Up"
    },
    {
      "event_date": "2025-07-07",
      "event_description": "Emily raised objections regarding pricing and the need for a budget under $90K.",
      "event_type": "Objection Raised"
    },
    {
      "event_date": "2025-07-07",
      "event_description": "The prospect decided to pause the deal, stating they would circle back if leadership is still interested.",
      "event_type": "Deal Paused"
    }
  ],
  "AI_GENERATED_SUMMARY": "The sales representative Bruce Wayne followed up on a proposal for Marketing Cloud Lite. The prospect, Emily Johnson, raised several objections including high price, competitive offerings, strict budget limits ($90K), and a need for out-of-the-box functionality without a long rollout. Bruce committed to revising the proposal to address these points, but Emily decided to pause the discussion, stating she would circle back if leadership is still interested.",
  "RECOMMENDATIONS": {
    "Next_Steps": [
      "Revise the proposal to meet budget constraints",
      "Highlight competitive advantages",
      "Clarify rapid deployment capabilities"
    ],
    "Escalation_Triggers": "If no response from Emily within a week, consider escalating to higher management.",
    "Deal_Acceleration_Tactics": "Offer a phased rollout option and provide a detailed feature breakdown."
  },
  "AI_GENERATED_FOLLOW_UP": {
    "Email_Draft": [
      {
        "subject": "Revising Our Proposal for Marketing Cloud Lite",
        "body": "Hi Emily,\n\nThank you for your feedback on our proposal. I understand the budget constraints and the need for a solution that works out-of-the-box. I will revise the proposal to better align with your requirements and aim to get it as close as possible to $90K.\n\nPlease let me know if there are any other specific features or concerns you would like me to address.\n\nBest,\nBruce"
      }
    ],
    "Slack_Message": "Hi Emily, I'm working on revising the proposal to better meet your budget and deployment needs. I'll get it back to you soon!"
  },
  "PARTICIPANTS": [
    {
      "id": "bruce.wayne.goatforce@gmail.com",
      "name": "Bruce Wayne",
      "role": "rep",
      "sentiment": "neutral",
      "communication_score": 70
    },
    {
      "id": "emily.johnson.spotify2025@gmail.com",
      "name": "Emily Johnson",
      "role": "decision_maker",
      "sentiment": "negative",
      "communication_score": 40
    }
  ],
  "TAGS": ["pricing_objection", "budget_constraint", "timeline_objection", "competitor_comparison", "proposal_revision", "deal_paused"]
}
--------------------------------
