Deal ID: 9
Response: {
  "deal_id": "197e6c7a52e39a6f",
  "client_company": "Nike",
  "primary_rep": {
    "id": "bruce.wayne.goatforce@gmail.com",
    "name": "Bruce Wayne"
  },
  "last_activity_timestamp": "2025-07-07T14:48:47-07:00",
  "deal_stage": "negotiation",
  "deal_value_usd": 0,
  "expected_close_date": "2025-07-14",

  "RISK_ASSESSMENT": {
    "Deal_Risk_Score": 20,
    "Churn_Risk": 10,
    "Timeline_Risk": 15,
    "Budget_Risk": 5,
    "deal_risk_explanation": "The deal is progressing positively with minor objections addressed.",
    "churn_risk_explanation": "Low churn risk as the prospect expressed satisfaction with the proposal adjustments.",
    "timeline_risk_explanation": "Timeline risk is low as both parties are aligned on next steps.",
    "budget_risk_explanation": "Budget risk is minimal as the prospect is comfortable with the proposed changes."
  },

  "DEAL_INSIGHTS": {
    "Key_Objections": ["onboarding costs timing"],
    "Decision_Maker_Status": "confirmed",
    "Urgency_Level": "medium",
    "Competitive_Position": "leading"
  },

  "ACTIVITY_ANALYSIS": {
    "message_count": 7,
    "prospect_response_time_sec": 180,
    "engagement_trend": "improving",
    "last_touch_channel": "email",
    "last_touch_summary": "The prospect confirmed acceptance of the revised proposal and is ready to move forward."
  },
  
  "TIMELINE": {
    "event": [
      {
        "event_date": "2025-07-07",
        "event_description": "Proposal for Cloud Sync Expansion sent to the prospect.",
        "event_type": "proposal_sent"
      },
      {
        "event_date": "2025-07-07",
        "event_description": "Negotiation on onboarding costs initiated.",
        "event_type": "negotiation"
      },
      {
        "event_date": "2025-07-14",
        "event_description": "Expected date for contract preparation completion.",
        "event_type": "contract_preparation"
      }
    ]
  },

  "AI_GENERATED_SUMMARY": "The sales rep, Bruce, sent the Cloud Sync Expansion proposal to prospect James. James raised a minor objection about deferring onboarding costs, which Bruce swiftly accommodated by agreeing to a delayed payment structure and sending a revised proposal. The conversation concluded with both parties confirming next steps for contract preparation and implementation, indicating a positive progression towards closing the deal.",

  "RECOMMENDATIONS": {
    "Next_Steps": ["Finalize the revised proposal", "Prepare draft contracts", "Schedule a follow-up call to discuss implementation"],
    "Escalation_Triggers": "If there are delays in responses or further objections arise.",
    "Deal_Acceleration_Tactics": "Offer a limited-time incentive for signing the contract."
  },

  "AI_GENERATED_FOLLOW_UP": {
    "Email_Draft": [
      {
        "subject": "Follow-Up on Cloud Sync Expansion Proposal",
        "body": "Hi James,\n\nI hope this message finds you well. I wanted to follow up on the revised proposal I sent regarding the Cloud Sync Expansion. Please let me know if you have any further questions or if there’s anything else I can assist you with.\n\nLooking forward to your feedback.\n\nBest,\nBruce"
      }
    ],
    "Slack_Message": "Hi James, just checking in on the revised proposal I sent. Let me know if you need any further clarification!"
  },

  "PARTICIPANTS": [
    {
      "id": "bruce.wayne.goatforce@gmail.com",
      "name": "Bruce Wayne",
      "role": "rep",
      "sentiment": "positive",
      "communication_score": 85
    },
    {
      "id": "james.smith.nike2025@gmail.com",
      "name": "James Smith",
      "role": "decision_maker",
      "sentiment": "positive",
      "communication_score": 80
    }
  ],

  "TAGS": ["proposal sent", "onboarding costs negotiation", "objection handled", "contracting phase", "deal progressing", "positive sentiment"]
}
--------------------------------
Deal ID: 9
Response: {
  "deal_id": "197e6c7a52e39a6f",
  "client_company": "Nike",
  "primary_rep": {
    "id": "bruce.wayne.goatforce@gmail.com",
    "name": "Bruce Wayne"
  },
  "last_activity_timestamp": "2025-07-07T14:48:47-07:00",
  "deal_stage": "negotiation",
  "deal_value_usd": 0,
  "expected_close_date": "2025-07-14",
  
  "RISK_ASSESSMENT": {
    "Deal_Risk_Score": 20,
    "Churn_Risk": 10,
    "Timeline_Risk": 15,
    "Budget_Risk": 5,
    "deal_risk_explanation": "The deal is progressing positively with minor objections addressed.",
    "churn_risk_explanation": "Low churn risk as the prospect expressed satisfaction with the proposal adjustments.",
    "timeline_risk_explanation": "Timeline risk is low as both parties are aligned on next steps.",
    "budget_risk_explanation": "Budget risk is minimal as the prospect is comfortable with the proposed changes."
  },

  "DEAL_INSIGHTS": {
    "Key_Objections": ["onboarding costs timing"],
    "Decision_Maker_Status": "confirmed",
    "Urgency_Level": "medium",
    "Competitive_Position": "leading"
  },

  "ACTIVITY_ANALYSIS": {
    "message_count": 7,
    "prospect_response_time_sec": 180,
    "engagement_trend": "improving",
    "last_touch_channel": "email",
    "last_touch_summary": "The prospect confirmed acceptance of the revised proposal and is ready to move forward."
  },
  
  "TIMELINE": {
    "event": [
      {
        "event_date": "2025-07-07",
        "event_description": "Proposal for Cloud Sync Expansion sent to the prospect.",
        "event_type": "proposal_sent"
      },
      {
        "event_date": "2025-07-07",
        "event_description": "Negotiation on onboarding costs initiated.",
        "event_type": "negotiation"
      },
      {
        "event_date": "2025-07-14",
        "event_description": "Expected date for contract preparation completion.",
        "event_type": "contract_preparation"
      }
    ]
  },

  "AI_GENERATED_SUMMARY": "The sales rep, Bruce, sent the Cloud Sync Expansion proposal to prospect James. James raised a minor objection about deferring onboarding costs, which Bruce swiftly accommodated by agreeing to a delayed payment structure and sending a revised proposal. The conversation concluded with both parties confirming next steps for contract preparation and implementation, indicating a positive progression towards closing the deal.",

  "RECOMMENDATIONS": {
    "Next_Steps": ["Finalize the revised proposal", "Prepare draft contracts", "Schedule a follow-up call to discuss implementation"],
    "Escalation_Triggers": "If there are delays in responses or further objections arise.",
    "Deal_Acceleration_Tactics": "Offer a limited-time incentive for signing the contract."
  },

  "AI_GENERATED_FOLLOW_UP": {
    "Email_Draft": [
      {
        "subject": "Follow-Up on Cloud Sync Expansion Proposal",
        "body": "Hi James,\n\nI hope this message finds you well. I wanted to follow up on the revised proposal I sent regarding the Cloud Sync Expansion. Please let me know if you have any further questions or if there’s anything else I can assist you with.\n\nLooking forward to your feedback.\n\nBest,\nBruce"
      }
    ],
    "Slack_Message": "Hi James, just checking in on the revised proposal I sent. Let me know if you need any further clarification!"
  },

  "PARTICIPANTS": [
    {
      "id": "bruce.wayne.goatforce@gmail.com",
      "name": "Bruce Wayne",
      "role": "rep",
      "sentiment": "positive",
      "communication_score": 85
    },
    {
      "id": "james.smith.nike2025@gmail.com",
      "name": "James Smith",
      "role": "decision_maker",
      "sentiment": "positive",
      "communication_score": 80
    }
  ],

  "TAGS": ["proposal sent", "onboarding costs negotiation", "objection handled", "contracting phase", "deal progressing", "positive sentiment"]
}
--------------------------------
Deal ID: 9
Response: {
  "deal_id": "197e6c7a52e39a6f",
  "client_company": "Nike",
  "primary_rep": {
    "id": "bruce.wayne.goatforce@gmail.com",
    "name": "Bruce Wayne"
  },
  "last_activity_timestamp": "2025-07-07T14:48:47-07:00",
  "deal_stage": "negotiation",
  "deal_value_usd": 0,
  "expected_close_date": "2025-07-14",

  "RISK_ASSESSMENT": {
    "Deal_Risk_Score": 20,
    "Churn_Risk": 10,
    "Timeline_Risk": 15,
    "Budget_Risk": 5,
    "deal_risk_explanation": "The deal is progressing positively with minor objections addressed.",
    "churn_risk_explanation": "Low churn risk as the prospect expressed satisfaction with the proposal adjustments.",
    "timeline_risk_explanation": "Timeline risk is low as both parties are aligned on next steps.",
    "budget_risk_explanation": "Budget risk is minimal as the prospect is comfortable with the proposed changes."
  },

  "DEAL_INSIGHTS": {
    "Key_Objections": ["onboarding costs timing"],
    "Decision_Maker_Status": "confirmed",
    "Urgency_Level": "medium",
    "Competitive_Position": "leading"
  },

  "ACTIVITY_ANALYSIS": {
    "message_count": 7,
    "prospect_response_time_sec": 180,
    "engagement_trend": "improving",
    "last_touch_channel": "email",
    "last_touch_summary": "The prospect confirmed acceptance of the revised proposal and is ready to move forward."
  },
  
  "TIMELINE": {
    "event": [
      {
        "event_date": "2025-07-07",
        "event_description": "Proposal for Cloud Sync Expansion sent to the prospect.",
        "event_type": "proposal_sent"
      },
      {
        "event_date": "2025-07-07",
        "event_description": "Negotiation on onboarding costs initiated.",
        "event_type": "negotiation"
      },
      {
        "event_date": "2025-07-14",
        "event_description": "Expected date for contract preparation completion.",
        "event_type": "contract_preparation"
      }
    ]
  },

  "AI_GENERATED_SUMMARY": "The sales rep, Bruce, sent the Cloud Sync Expansion proposal to prospect James. James raised a minor objection about deferring onboarding costs, which Bruce swiftly accommodated by agreeing to a delayed payment structure and sending a revised proposal. The conversation concluded with both parties confirming next steps for contract preparation and implementation, indicating a positive progression towards closing the deal.",

  "RECOMMENDATIONS": {
    "Next_Steps": ["Finalize the revised proposal", "Prepare draft contracts", "Schedule a follow-up call to discuss implementation"],
    "Escalation_Triggers": "If there are delays in responses or further objections arise.",
    "Deal_Acceleration_Tactics": "Offer a limited-time incentive for signing the contract."
  },

  "AI_GENERATED_FOLLOW_UP": {
    "Email_Draft": [
      {
        "subject": "Follow-Up on Cloud Sync Expansion Proposal",
        "body": "Hi James,\n\nI hope this message finds you well. I wanted to follow up on the revised proposal I sent regarding the Cloud Sync Expansion. Please let me know if you have any further questions or if there’s anything else I can assist you with.\n\nLooking forward to your feedback.\n\nBest,\nBruce"
      }
    ],
    "Slack_Message": "Hi James, just checking in on the revised proposal I sent. Let me know if you need any further clarification!"
  },

  "PARTICIPANTS": [
    {
      "id": "bruce.wayne.goatforce@gmail.com",
      "name": "Bruce Wayne",
      "role": "rep",
      "sentiment": "positive",
      "communication_score": 85
    },
    {
      "id": "james.smith.nike2025@gmail.com",
      "name": "James Smith",
      "role": "decision_maker",
      "sentiment": "positive",
      "communication_score": 80
    }
  ],

  "TAGS": ["proposal sent", "onboarding costs negotiation", "objection handled", "contracting phase", "deal progressing", "positive sentiment"]
}
--------------------------------
