Personality analysis completed successfullyResponse: 
  {
    "prospect_name": "U094SLLCY4C",
    "personality_communication_profile": {
      "personality_traits": ["Informative", "Cautious", "Direct", "Appreciative", "Problem-focused"],
      "communication_style": "Direct and concise, Informative, Cautious, Professional yet casual, Definitive",
      "decision_making_style": "Consensus-seeking, Evaluative",
      "objection_style": "Direct, Informative",
      "role_in_deal": "Influencer, Blocked by internal stakeholder"
    },
    "intent_sentiment": {
      "intent_signals": ["Information gathering", "Evaluating options", "Setting boundaries", "Disengaging"],
      "overall_sentiment": "Initially neutral, Cautious, Negative towards deal outcome",
      "tone_patterns": "Informative, Problem-focused, Cautious, Definitive"
    },
    "objections_concerns": {
      "objection_types": ["Early stage evaluation", "Timeline", "Internal stakeholder decision"],
      "objection_frequency_severity": "Moderate frequency (3 distinct objections), Severity escalated from low to high (deal lost)"
    },
    "communication_behavior": {
      "response_time": "Initially fast, Significant delay towards the end",
      "engagement_level": "Initially high, Decreased significantly towards the end",
      "message_complexity": "Structured and informative, Concise in later messages",
      "preferred_channel": "Slack"
    },
    "deal_dynamics_risk_assessment": {
      "deal_stage_signals": "Qualification, Early evaluation, Lost",
      "budget_risk_indicators": "None explicitly mentioned",
      "timeline_risk_indicators": "Explicitly stated long evaluation timeline",
      "churn_risk_indicators": "High churn risk (due to internal decision, disengagement)"
    },
    "deal_insights": {
      "key_objections": "Not ready for full pitch (early evaluation), Long evaluation timeline, Internal stakeholder (Priya IT) rejection",
      "decision_maker_status": "Influencer, not final decision-maker (blocked by IT stakeholder)",
      "urgency_level": "Low (explicitly stated 'no rush')",
      "competitive_position": "Evaluating multiple vendors (gathering landscape options)"
    }
  },
  {
    "prospect_name": "David Gonzalez",
    "personality_communication_profile": {
      "personality_traits": ["Professional", "Cautious", "Direct", "Informational", "Problem-aware"],
      "communication_style": "Professional, Direct, Concise",
      "decision_making_style": "Information-seeking, Concern-driven, Technical-focused",
      "objection_style": "Direct, Informative",
      "role_in_deal": "Influencer, Technical evaluator"
    },
    "intent_sentiment": {
      "intent_signals": ["Qualifying", "Information request", "Raising concerns", "Confirming interest"],
      "overall_sentiment": "Neutral to cautious, Open to proceeding",
      "tone_patterns": "Professional, Informative, Direct"
    },
    "objections_concerns": {
      "objection_types": ["Technical fit (multiple business units, integration)"],
      "objection_frequency_severity": "Low frequency (2 concerns), Moderate severity (key discussion points, not deal-breakers yet)"
    },
    "communication_behavior": {
      "response_time": "Fast and responsive",
      "engagement_level": "High (active participation, scheduled meeting)",
      "message_complexity": "Structured and informative",
      "preferred_channel": "Email"
    },
    "deal_dynamics_risk_assessment": {
      "deal_stage_signals": "Initial outreach, Qualification, Meeting scheduled",
      "budget_risk_indicators": "None mentioned",
      "timeline_risk_indicators": "None mentioned, appears on track",
      "churn_risk_indicators": "Low (active engagement, scheduled meeting)"
    },
    "deal_insights": {
      "key_objections": "Ability to handle multiple business units, Ease of integration",
      "decision_maker_status": "Influencer/Technical evaluator (critical for technical fit)",
      "urgency_level": "Moderate (active evaluation, scheduled meeting)",
      "competitive_position": "Evaluating multiple vendors"
    }
  }
--------------------------------
Personality analysis completed successfullyResponse: 
  {
    "prospect_name": "David Gonzalez",
    "personality_communication_profile": {
      "personality_traits": ["professional", "direct", "cautious", "informative", "problem-focused", "appreciative", "analytical"],
      "communication_style": "professional, direct, informative, cautious, and capable of informal cues (emoji) while being definitive when communicating decisions.",
      "decision_making_style": "cautious, evaluates multiple options, influenced by internal stakeholders (especially IT), and seeks technical assurance.",
      "objection_style": "direct and clear in stating concerns or decisions, sometimes with a soft opening or justification.",
      "role_in_deal": "influencer/champion who can identify pain points and evaluate solutions, but not the ultimate decision-maker, subject to IT approval."
    },
    "intent_sentiment": {
      "intent_signals": ["expressing needs and pain points", "evaluating options", "managing expectations on timeline/pitch", "scheduling meetings", "seeking technical details", "terminating engagement due to external factor"],
      "overall_sentiment": "starts neutral/open, becomes negative towards existing problems, shows cautious interest, then becomes definitively negative due to external blocker.",
      "tone_patterns": "professional, direct, informative, cautious, and definitive when communicating decisions."
    },
    "objections_concerns": {
      "objection_types": ["early-stage evaluation", "timeline", "technical limitations/integration", "internal stakeholder rejection"],
      "objection_frequency_severity": "moderate frequency (5 distinct objections) with varying severity, ranging from setting boundaries to a deal-breaking internal rejection."
    },
    "communication_behavior": {
      "response_time": "mostly responsive in active conversation (seconds to minutes), but capable of significant delays (days to weeks), especially for negative news or after periods of less active engagement.",
      "engagement_level": "high engagement when actively evaluating or in initial discovery, but can drop off, especially if internal decisions are pending.",
      "message_complexity": "concise and direct, provides necessary information without excessive detail.",
      "preferred_channel": "both Slack (DM) and Email are acceptable, used depending on the formality and speed required for the communication."
    },
    "deal_dynamics_risk_assessment": {
      "deal_stage_signals": "moving from initial discovery/qualification towards evaluation, with a past deal loss indicating a potential for early-stage termination.",
      "budget_risk_indicators": "not explicitly mentioned.",
      "timeline_risk_indicators": "explicit mention of a long evaluation timeline ('through August, no rush'), and past experience indicates this can lead to deal delays or loss.",
      "churn_risk_indicators": "high churn risk due to reliance on internal stakeholder approval (IT), past experience of deal termination, and potential technical fit issues."
    },
    "deal_insights": {
      "key_objections": "Internal IT stakeholder approval, integration complexity, managing multiple business units, and a general low urgency/long evaluation cycle.",
      "decision_maker_status": "not the ultimate decision-maker; appears to be a key influencer or champion, but IT (Priya) holds veto power.",
      "urgency_level": "low to moderate; the prospect has stated 'no rush, just keeping this moving,' suggesting a standard, non-urgent evaluation process.",
      "competitive_position": "prospect is actively evaluating multiple solutions ('still gathering landscape options'), suggesting a competitive landscape."
    }
  }
--------------------------------
Personality analysis completed successfullyResponse: 
  {
    "prospect_name": "David Gonzalez",
    "personality_communication_profile": {
      "personality_traits": ["analytical", "structured", "cautious", "transparent", "proactive", "professional", "detail-oriented", "appreciative"],
      "communication_style": "professional, direct, informative, structured, cautious, sets boundaries",
      "decision_making_style": "cautious, methodical, process-driven, consensus-seeking, requirements-driven, relies on technical stakeholder input",
      "objection_style": "direct, transparent, problem-focused, polite but firm in setting boundaries, proactive in raising technical concerns based on past experience",
      "role_in_deal": "key evaluator/influencer, not the ultimate decision-maker for technical aspects, lost internal alignment"
    },
    "intent_sentiment": {
      "intent_signals": ["interest in evaluation", "outlining requirements", "managing expectations", "seeking information", "terminating engagement"],
      "overall_sentiment": "started neutral/cautious, moved to positive engagement briefly, then definitively negative due to internal decision",
      "tone_patterns": "generally professional, informative, direct, cautious, problem-focused, appreciative, ultimately definitive"
    },
    "objections_concerns": {
      "objection_types": ["early stage evaluation", "timeline", "technical fit (multi-BU handling)", "technical fit (ease of integration)", "internal decision/blocker"],
      "objection_frequency_severity": "multiple objections raised (5 distinct types); severity ranged from low/medium (timeline) to high (technical fit concerns, ultimately a deal-killing internal decision)"
    },
    "communication_behavior": {
      "response_time": "generally responsive and engaged, especially during active conversations; fast response time when actively discussing, but a long pause indicated a stall in the process",
      "engagement_level": "high engagement during active phases of discussion and information gathering; proactive in seeking information and raising relevant concerns",
      "message_complexity": "concise, direct, and clear; provides necessary detail without being overly verbose",
      "preferred_channel": "comfortable with both email (for formal scheduling/initial documentation) and Slack (for quick, ongoing conversations, technical points, and updates); adapts to the rep's channel choice"
    },
    "deal_dynamics_risk_assessment": {
      "deal_stage_signals": "started in early qualification, progressed to solution exploration/early evaluation, then stalled and was lost due to internal decision",
      "budget_risk_indicators": "no explicit budget concerns were raised",
      "timeline_risk_indicators": "moderate timeline risk due to a slow, methodical evaluation process ('no rush, evaluating through August'), allowing for internal shifts or competitor entry",
      "churn_risk_indicators": "high internal stakeholder risk leading to deal loss (Priya IT's rejection) was the primary churn indicator; lack of active engagement before the 'deal off' message also signaled risk"
    },
    "deal_insights": {
      "key_objections": "technical fit (handling multiple business units, ease of integration, APIs/auth) and the ultimate internal blocker from Priya IT",
      "decision_maker_status": "key evaluator and champion, but not the ultimate decision-maker, especially on technical matters; dependent on internal stakeholders like 'Priya IT'",
      "urgency_level": "low to moderate; the project is part of a 'broader overhaul' with an 'August' evaluation timeline, indicating a strategic, non-urgent initiative",
      "competitive_position": "prospect is actively 'evaluating a few platforms' and has encountered 'sticking points' with 'other platforms', indicating an active competitive landscape where differentiation on technical fit is crucial; the deal was lost to an internal decision, not necessarily a direct competitor win"
    }
  }
--------------------------------
Personality analysis completed successfullyResponse: 
  {
    "prospect_name": "David Gonzalez",
    "personality_communication_profile": {
      "personality_traits": ["cautious", "structured", "pragmatic", "problem-aware", "direct", "collaborative", "patient"],
      "communication_style": "professional, direct, informative, cautious, definitive",
      "decision_making_style": "deliberate, process-driven, consensus-seeking, influenced by technical stakeholders",
      "objection_style": "direct, transparent, proactive in stating boundaries and concerns",
      "role_in_deal": "evaluator, influencer (not ultimate decision-maker)"
    },
    "intent_sentiment": {
      "intent_signals": ["active evaluation", "qualifying vendor", "raising technical concerns", "managing expectations", "providing updates", "terminating engagement"],
      "overall_sentiment": "neutral, problem-focused, appreciative (of sales approach), definitively negative (due to deal termination)",
      "tone_patterns": "professional, informative, direct, cautious, definitive"
    },
    "objections_concerns": {
      "objection_types": ["technical_limitations", "early_stage_evaluation", "timeline", "internal_stakeholder_block"],
      "objection_frequency_severity": "frequent (5 distinct objections); severity ranges from moderate (technical concerns, early stage, timeline) to high (deal termination due to internal stakeholder)"
    },
    "communication_behavior": {
      "response_time": "generally fast during active conversation, but inconsistent with a significant delay for final negative update",
      "engagement_level": "high during initial discovery and evaluation phases, dropped significantly upon deal termination",
      "message_complexity": "varied; can be detailed and informative, also direct and concise; professional tone",
      "preferred_channel": "adapts to both Slack and Email; comfortable with both for different communication purposes"
    },
    "deal_dynamics_risk_assessment": {
      "deal_stage_signals": "moved from initial outreach/qualification to early-stage evaluation/discovery, then abruptly terminated (lost)",
      "budget_risk_indicators": "no direct budget concerns mentioned",
      "timeline_risk_indicators": "low urgency, long evaluation timeline (through August), indicating potential for deal delays",
      "churn_risk_indicators": "high churn risk; deal was lost due to an internal stakeholder's decision"
    },
    "deal_insights": {
      "key_objections": "Internal stakeholder approval (Priya IT being the blocker), early stage evaluation, long timeline, and technical concerns (multi-business unit handling, integration).",
      "decision_maker_status": "Influencer, not the ultimate decision-maker; Priya IT holds blocking power.",
      "urgency_level": "Low urgency ('no rush', 'evaluating vendors through August').",
      "competitive_position": "Actively evaluating multiple platforms; deal lost due to internal reasons rather than direct competition."
    }
  }
--------------------------------
