Personality analysis completed successfullyResponse: 
  {
    "prospect_name": "Diego",
    "personality_communication_profile": {
      "personality_traits": ["Cooperative", "Pragmatic", "Appreciative", "Methodical"],
      "communication_style": "Concise and professional, focused on status updates and clarity.",
      "decision_making_style": "Cautious and methodical, reliant on internal processes (e.g., legal review) and valuing clear timelines.",
      "objection_style": "Indirect and collaborative. Does not raise direct objections but expresses needs for clarity and internal dependencies.",
      "role_in_deal": "Influencer and coordinator, managing internal processes like legal review; not the ultimate decision-maker but critical to progress."
    },
    "intent_sentiment": {
      "intent_signals": ["Providing status updates", "Acknowledging offers and support", "Seeking timeline clarity", "Engaging actively in the process"],
      "overall_sentiment": "Positive and cooperative towards the sales process and the representative.",
      "tone_patterns": "Appreciative, pragmatic, and forward-looking."
    },
    "objections_concerns": {
      "objection_types": ["Legal review dependency"],
      "objection_frequency_severity": "Low frequency and low severity. The primary 'concern' is the internal legal review process, not an objection to the offer itself."
    },
    "communication_behavior": {
      "response_time": "Fast (replies within seconds to minutes)",
      "engagement_level": "High (responsive, provides relevant updates and acknowledges information)",
      "message_complexity": "Short, concise, and to-the-point replies.",
      "preferred_channel": "Slack"
    },
    "deal_dynamics_risk_assessment": {
      "deal_stage_signals": "Negotiation/Legal Review stage, with pricing already held and internal review underway.",
      "budget_risk_indicators": "Low risk; Diego explicitly states he doesn't 'anticipate pushback' on pricing.",
      "timeline_risk_indicators": "Moderate risk; deal progress is dependent on internal legal feedback, but Diego appreciates 'timeline clarity' indicating a desire to move forward rather than delay.",
      "churn_risk_indicators": "Low; consistent engagement, positive sentiment, and active communication indicate low churn risk."
    },
    "deal_insights": {
      "key_objections": "The primary dependency is the feedback from Diego's legal team; not an objection but a crucial next step.",
      "decision_maker_status": "Influencer/Coordinator. Diego is managing the process and awaiting internal legal feedback, suggesting he is not the sole decision-maker.",
      "urgency_level": "Moderate. Diego values timeline clarity, implying a desire to keep the process moving efficiently.",
      "competitive_position": "Unknown; no information provided in the conversation to assess competitive standing."
    }
  }
--------------------------------
