Personality analysis completed successfullyResponse: 
  {
    "prospect_name": "Emily Johnson",
    "personality_communication_profile": {
      "personality_traits": ["direct", "pragmatic", "assertive", "budget-conscious"],
      "communication_style": "direct",
      "decision_making_style": "requirement-driven",
      "objection_style": "direct",
      "role_in_deal": "influencer"
    },
    "intent_sentiment": {
      "intent_signals": ["raise objection", "negotiate", "set requirement", "stall"],
      "overall_sentiment": "negative",
      "tone_patterns": "direct"
    },
    "objections_concerns": {
      "objection_types": ["pricing", "value", "need", "competitor comparison", "timeline", "implementation complexity", "budget"],
      "objection_frequency_severity": "high frequency and high severity"
    },
    "communication_behavior": {
      "response_time": "fast",
      "engagement_level": "medium",
      "message_complexity": "short replies",
      "preferred_channel": "email"
    },
    "deal_dynamics_risk_assessment": {
      "deal_stage_signals": "negotiation",
      "budget_risk_indicators": "high",
      "timeline_risk_indicators": "high",
      "churn_risk_indicators": "high"
    },
    "deal_insights": {
      "key_objections": "Pricing (hard $90K limit), perceived value, out-of-the-box requirement, and competitive alternatives.",
      "decision_maker_status": "Influencer/Gatekeeper (defers to legal and leadership)",
      "urgency_level": "low",
      "competitive_position": "disadvantaged"
    }
  }
--------------------------------
Personality analysis completed successfullyResponse: 
  {
    "prospect_name": "Emily Johnson",
    "personality_communication_profile": {
      "personality_traits": ["direct", "assertive", "skeptical", "pragmatic", "cost-sensitive"],
      "communication_style": "direct",
      "decision_making_style": "budget-driven",
      "objection_style": "direct",
      "role_in_deal": "influencer"
    },
    "intent_sentiment": {
      "intent_signals": ["raising objections", "negotiating", "setting requirements", "setting budget", "stalling"],
      "overall_sentiment": "negative",
      "tone_patterns": "direct, firm, blunt, dismissive"
    },
    "objections_concerns": {
      "objection_types": ["budget", "value", "competitor comparison", "timeline", "implementation complexity"],
      "objection_frequency_severity": "very frequent and high severity"
    },
    "communication_behavior": {
      "response_time": "fast",
      "engagement_level": "high (quick replies to raise concerns), low (for complex solutions)",
      "message_complexity": "short replies",
      "preferred_channel": "email"
    },
    "deal_dynamics_risk_assessment": {
      "deal_stage_signals": "negotiation/re-evaluation, stalled",
      "budget_risk_indicators": "very high (explicit $90K cap, strong resistance to price)",
      "timeline_risk_indicators": "high (no time for long rollout, wants out-of-the-box)",
      "churn_risk_indicators": "high (mentioned other vendors, deal paused, contingent on leadership interest)"
    },
    "deal_insights": {
      "key_objections": "price (too high, over $90K cap), perceived lack of immediate value/fit, desire for out-of-the-box solution, competition",
      "decision_maker_status": "influencer/gatekeeper (ultimate decision rests with leadership)",
      "urgency_level": "low (for complex solutions), low (deal paused)",
      "competitive_position": "unfavorable (explicitly stated 'priciest' and considering other vendors)"
    }
  }
--------------------------------
Personality analysis completed successfullyResponse: 
  {
    "prospect_name": "Emily Johnson",
    "personality_communication_profile": {
      "personality_traits": ["analytical", "assertive", "cautious"],
      "communication_style": "direct and skeptical",
      "decision_making_style": "budget-driven and cautious",
      "objection_style": "direct and frequent",
      "role_in_deal": "influencer"
    },
    "intent_sentiment": {
      "intent_signals": ["stalling", "disengagement", "evaluating"],
      "overall_sentiment": "negative",
      "tone_patterns": "skeptical and firm"
    },
    "objections_concerns": {
      "objection_types": ["pricing", "value", "need", "competitor_comparison", "timeline", "implementation_complexity", "budget"],
      "objection_frequency_severity": "high frequency and high severity"
    },
    "communication_behavior": {
      "response_time": "moderate",
      "engagement_level": "initially high, then disengaging",
      "message_complexity": "structured and detailed",
      "preferred_channel": "email"
    },
    "deal_dynamics_risk_assessment": {
      "deal_stage_signals": "moved from negotiation to paused/lost",
      "budget_risk_indicators": "high risk (explicit $90K limit, high price pushback)",
      "timeline_risk_indicators": "high risk (initial urgent need not met, now deal paused)",
      "churn_risk_indicators": "high risk (deal paused, disengagement)"
    },
    "deal_insights": {
      "key_objections": "high price, strict $90K budget, need for immediate out-of-the-box functionality, and competitor comparison",
      "decision_maker_status": "influencer (needs leadership interest for re-engagement)",
      "urgency_level": "low (deal paused, awaiting leadership interest)",
      "competitive_position": "unfavorable (due to competitor comparison objection)"
    }
  }
--------------------------------
Personality analysis completed successfullyResponse: 
  {
    "prospect_name": "Emily Johnson",
    "personality_communication_profile": {
      "personality_traits": ["direct", "firm", "decisive", "cost-conscious", "pragmatic"],
      "communication_style": "direct",
      "decision_making_style": "cost-driven",
      "objection_style": "direct",
      "role_in_deal": "decision maker"
    },
    "intent_sentiment": {
      "intent_signals": ["stalling", "disengagement", "evaluating", "budget constraint"],
      "overall_sentiment": "negative",
      "tone_patterns": "direct, firm, blunt, decisive"
    },
    "objections_concerns": {
      "objection_types": ["pricing", "value", "need", "competitor comparison", "timeline", "implementation complexity", "budget"],
      "objection_frequency_severity": "high frequency and high severity"
    },
    "communication_behavior": {
      "response_time": "consistent initially, then disengaged",
      "engagement_level": "initially high, then low",
      "message_complexity": "specific and concise replies",
      "preferred_channel": "Email"
    },
    "deal_dynamics_risk_assessment": {
      "deal_stage_signals": "negotiation to paused",
      "budget_risk_indicators": "strict budget limit of $90K, pushback on pricing",
      "timeline_risk_indicators": "demand for immediate out-of-the-box functionality, no phased rollout",
      "churn_risk_indicators": "deal paused, disengagement, dependency on leadership's renewed interest"
    },
    "deal_insights": {
      "key_objections": "high price, strict budget limit, competitor comparison, need for immediate out-of-the-box functionality, implementation complexity",
      "decision_maker_status": "primary decision-maker with dependency on leadership re-engagement",
      "urgency_level": "low (deal paused)",
      "competitive_position": "facing strong competition"
    }
  }
--------------------------------
Personality analysis completed successfullyResponse: 
  {
    "prospect_name": "Emily Johnson",
    "personality_communication_profile": {
      "personality_traits": ["direct", "assertive", "price-sensitive", "pragmatic", "skeptical", "decisive", "results-oriented"],
      "communication_style": "direct",
      "decision_making_style": "pragmatic",
      "objection_style": "direct",
      "role_in_deal": "influencer"
    },
    "intent_sentiment": {
      "intent_signals": ["raise objection", "negotiate", "set limit", "stall"],
      "overall_sentiment": "negative",
      "tone_patterns": "direct"
    },
    "objections_concerns": {
      "objection_types": ["pricing", "value", "competitor comparison", "timeline", "budget"],
      "objection_frequency_severity": "very frequent and high severity"
    },
    "communication_behavior": {
      "response_time": "fast",
      "engagement_level": "high",
      "message_complexity": "short replies",
      "preferred_channel": "email"
    },
    "deal_dynamics_risk_assessment": {
      "deal_stage_signals": "negotiation",
      "budget_risk_indicators": "high",
      "timeline_risk_indicators": "high",
      "churn_risk_indicators": "high"
    },
    "deal_insights": {
      "key_objections": "price, perceived value, immediate implementation requirement",
      "decision_maker_status": "influencer",
      "urgency_level": "low",
      "competitive_position": "weak"
    }
  }
--------------------------------
Personality analysis completed successfullyResponse: 
  {
    "prospect_name": "Emily Johnson",
    "personality_communication_profile": {
      "personality_traits": [
        "direct",
        "assertive",
        "skeptical",
        "results-oriented",
        "budget-conscious"
      ],
      "communication_style": "direct",
      "decision_making_style": "fast-mover",
      "objection_style": "direct",
      "role_in_deal": "influencer"
    },
    "intent_sentiment": {
      "intent_signals": [
        "raise objection",
        "negotiate",
        "reject proposal",
        "set limit",
        "stall"
      ],
      "overall_sentiment": "negative",
      "tone_patterns": "direct"
    },
    "objections_concerns": {
      "objection_types": [
        "pricing",
        "value",
        "need",
        "competitor comparison",
        "timeline",
        "implementation complexity",
        "budget"
      ],
      "objection_frequency_severity": "high"
    },
    "communication_behavior": {
      "response_time": "fast",
      "engagement_level": "low",
      "message_complexity": "short replies",
      "preferred_channel": "Email"
    },
    "deal_dynamics_risk_assessment": {
      "deal_stage_signals": "negotiation",
      "budget_risk_indicators": "high",
      "timeline_risk_indicators": "high",
      "churn_risk_indicators": "high"
    },
    "deal_insights": {
      "key_objections": "Price/Budget, Implementation Time/Complexity, Value Proposition, Competition",
      "decision_maker_status": "influencer",
      "urgency_level": "low",
      "competitive_position": "unfavorable"
    }
  }
--------------------------------
Personality analysis completed successfullyResponse: 
  {
    "prospect_name": "Emily Johnson",
    "personality_communication_profile": {
      "personality_traits": ["direct", "firm", "skeptical", "pragmatic", "decisive"],
      "communication_style": "direct and blunt",
      "decision_making_style": "value-driven, fast-mover (prefers quick solutions), budget-constrained",
      "objection_style": "direct and firm",
      "role_in_deal": "influencer and gatekeeper (has authority to set limits, but defers to leadership/legal for final decision)"
    },
    "intent_sentiment": {
      "intent_signals": ["raise objection", "negotiate", "set budget limit", "reject proposal elements", "stall"],
      "overall_sentiment": "negative",
      "tone_patterns": "direct, firm, blunt, critical, and at times dismissive"
    },
    "objections_concerns": {
      "objection_types": ["pricing", "value for money", "competitor comparison", "timeline/implementation complexity", "budget limit", "perceived need"],
      "objection_frequency_severity": "High frequency (multiple distinct objections raised), high severity (explicitly states disinterest, financial limits, and conditions for proceeding)"
    },
    "communication_behavior": {
      "response_time": "fast",
      "engagement_level": "initially high in terms of quick replies and direct feedback, but low enthusiasm for the current proposal; ultimately disengaging",
      "message_complexity": "short, concise, and direct replies",
      "preferred_channel": "Email"
    },
    "deal_dynamics_risk_assessment": {
      "deal_stage_signals": "Moves from proposal review to contentious negotiation, then to stalled/paused",
      "budget_risk_indicators": "Very high risk due to explicit price sensitivity, comparison to cheaper competitors, and a strict budget cap ($90K)",
      "timeline_risk_indicators": "High risk due to demand for immediate 'out-of-the-box' functionality and rejection of 'long rollout' options",
      "churn_risk_indicators": "Very high risk; prospect is comparing vendors, expressing strong disinterest in current proposal, setting firm limitations, and ultimately pausing the deal"
    },
    "deal_insights": {
      "key_objections": "The most significant objections are the high price, the perceived lack of value for the cost, the strict $90K budget limit, and the need for an immediate, out-of-the-box solution without a phased rollout.",
      "decision_maker_status": "Emily is likely an influential gatekeeper. She has the authority to set firm conditions (e.g., budget cap, no long rollout) but defers the ultimate decision to 'leadership' and 'legal'.",
      "urgency_level": "Low from Emily's side. There is a stated urgency for 'out-of-the-box' if they *were* to proceed, but overall, she is not compelled and is willing to pause or walk away.",
      "competitive_position": "Unfavorable. Emily explicitly states, 'Yours is the priciest' and 'we're looking at other vendors too', indicating the current proposal is not competitively positioned on price or perceived value."
    }
  }
--------------------------------
Personality analysis completed successfullyResponse: 
  {
    "prospect_name": "Emily Johnson",
    "personality_communication_profile": {
      "personality_traits": [
        "Cautious",
        "Price-sensitive",
        "Assertive",
        "Skeptical",
        "Risk-averse"
      ],
      "communication_style": "Direct and transactional, often raising objections explicitly.",
      "decision_making_style": "Cautious, cost-conscious, and potentially consensus-seeking or requiring executive buy-in, risk-averse regarding implementation.",
      "objection_style": "Direct, persistent, and price-focused, clearly stating budget limits and concerns.",
      "role_in_deal": "Influencer or economic buyer with a limited budget, dependent on leadership approval for re-engagement."
    },
    "intent_sentiment": {
      "intent_signals": [
        "Raise objection",
        "Negotiate",
        "Reject proposal",
        "Set limit",
        "Stall",
        "Disengage",
        "Pause discussion"
      ],
      "overall_sentiment": "Negative, characterized by consistent objections and ultimate disengagement.",
      "tone_patterns": "Skeptical, firm, demanding, and ultimately disengaged."
    },
    "objections_concerns": {
      "objection_types": [
        "Pricing",
        "Value",
        "Need",
        "Competitor comparison",
        "Timeline",
        "Implementation complexity",
        "Budget"
      ],
      "objection_frequency_severity": "High frequency (8 objections raised) and high severity, ultimately leading to the deal being paused."
    },
    "communication_behavior": {
      "response_time": "Inconsistent, likely slowing down or becoming less responsive as disengagement increased.",
      "engagement_level": "Declining, characterized by consistent negative feedback, stalling, and eventual disengagement.",
      "message_complexity": "Direct and focused on expressing concerns and setting limits.",
      "preferred_channel": "Email"
    },
    "deal_dynamics_risk_assessment": {
      "deal_stage_signals": "Moved from proposal review/negotiation to a stalled/paused status.",
      "budget_risk_indicators": "High, due to explicit strict budget limits and repeated pricing objections.",
      "timeline_risk_indicators": "High, due to concerns about implementation complexity and demand for immediate functionality.",
      "churn_risk_indicators": "High, indicated by consistent objections, stalling, disengagement, and the ultimate decision to pause the deal."
    },
    "deal_insights": {
      "key_objections": "High pricing/budget limitations, questioning of value proposition and need, and concerns about implementation complexity/timeline.",
      "decision_maker_status": "Influencer/Economic Buyer who requires leadership's renewed interest to proceed.",
      "urgency_level": "Low from the prospect's side, as evidenced by willingness to pause the discussion.",
      "competitive_position": "Weak/Challenged, as the prospect raised competitor comparisons and chose to pause rather than proceed."
    }
  }
--------------------------------
Personality analysis completed successfullyResponse: 
  {
    "prospect_name": "Emily Johnson",
    "personality_communication_profile": {
      "personality_traits": ["assertive", "demanding", "skeptical", "price-sensitive", "cautious"],
      "communication_style": "direct and firm, often confrontational",
      "decision_making_style": "cautious, value-driven, seeks immediate and complete solutions",
      "objection_style": "direct and firm, raises objections explicitly and repeatedly",
      "role_in_deal": "influencer or key stakeholder, not the ultimate decision-maker"
    },
    "intent_sentiment": {
      "intent_signals": ["raise objection", "negotiate", "set conditions", "set hard limit", "stall", "disengage"],
      "overall_sentiment": "negative and skeptical toward the proposal",
      "tone_patterns": "direct, firm, demanding, skeptical, and ultimately disengaging"
    },
    "objections_concerns": {
      "objection_types": ["pricing", "value", "need", "competition", "timeline", "implementation complexity", "budget"],
      "objection_frequency_severity": "very frequent and high severity, leading to a stalled deal"
    },
    "communication_behavior": {
      "response_time": "consistent initially, then stalled at disengagement",
      "engagement_level": "initially high with frequent objections, then low due to disengagement",
      "message_complexity": "direct and concise, focused on specific demands and objections",
      "preferred_channel": "email"
    },
    "deal_dynamics_risk_assessment": {
      "deal_stage_signals": "negotiation/proposal, currently stalled",
      "budget_risk_indicators": "high, explicit strict budget limitations (under $90K) and repeated pricing pushback",
      "timeline_risk_indicators": "high, demand for immediate out-of-the-box functionality and rejection of phased rollouts",
      "churn_risk_indicators": "high, active disengagement and stated condition for re-engagement based on leadership interest"
    },
    "deal_insights": {
      "key_objections": "high pricing, insufficient perceived value, strict budget ($90K cap), competitive comparison, and demand for immediate, complex implementation without phased rollouts",
      "decision_maker_status": "influencer or key stakeholder, not the final decision-maker",
      "urgency_level": "initially urgent for immediate functionality, but currently low due to deal stall",
      "competitive_position": "prospect is actively comparing to competitors, indicating a competitive sales environment"
    }
  }
--------------------------------
Personality analysis completed successfullyResponse: 
  {
    "prospect_name": "Emily Johnson",
    "personality_communication_profile": {
      "personality_traits": ["Assertive", "Direct", "Cautious", "Demanding", "Skeptical"],
      "communication_style": "Direct, demanding, and skeptical, focusing on conditions and objections.",
      "decision_making_style": "Cautious, budget-conscious, value-driven, and prone to stalling when concerns are not met. Prefers immediate, complete solutions.",
      "objection_style": "Direct and confrontational, frequently raising concerns.",
      "role_in_deal": "Influencer/Key Stakeholder, defers to leadership for final decision."
    },
    "intent_sentiment": {
      "intent_signals": ["Raise objection", "Negotiate", "Set conditions", "Set hard limit", "Stall", "Disengage"],
      "overall_sentiment": "Initially cautious, quickly shifted to negative, and ultimately disengaged.",
      "tone_patterns": "Consistently negative, critical, and demanding, evolving into a disengaged tone."
    },
    "objections_concerns": {
      "objection_types": ["Pricing", "Value", "Need", "Competition", "Timeline", "Implementation complexity", "Budget"],
      "objection_frequency_severity": "High frequency (8 objections in 10 messages) and high severity, leading to deal stall."
    },
    "communication_behavior": {
      "response_time": "Inconsistent; initially responsive, but ultimately disengaged and paused communication.",
      "engagement_level": "Initially engaged in negotiation, but engagement significantly decreased, leading to disengagement.",
      "message_complexity": "Direct and concise, clearly stating conditions and objections, demanding immediate out-of-the-box functionality.",
      "preferred_channel": "Email"
    },
    "deal_dynamics_risk_assessment": {
      "deal_stage_signals": "Negotiation/Proposal stage, currently stalled and at risk.",
      "budget_risk_indicators": "High budget risk indicated by explicit budget limit (under $90K) and strong pushback on pricing.",
      "timeline_risk_indicators": "High timeline risk due to demanding immediate, out-of-the-box functionality and rejecting phased rollouts.",
      "churn_risk_indicators": "High churn risk evidenced by disengagement, stalling, and pausing the discussion, contingent on leadership interest."
    },
    "deal_insights": {
      "key_objections": "Primary concerns are pricing/budget (strict limit under $90K), perceived value, and demanding immediate, out-of-the-box implementation.",
      "decision_maker_status": "An important influencer, but not the ultimate decision-maker, as final engagement depends on her leadership's interest.",
      "urgency_level": "Initially high urgency for specific requirements (immediate functionality), but overall deal urgency is now low due to unaddressed concerns and the stalled status.",
      "competitive_position": "Challenged, as the prospect explicitly raised competitors as an objection and is likely evaluating other options."
    }
  }
--------------------------------
Personality analysis completed successfullyResponse: 
  {
    "prospect_name": "Emily Johnson",
    "personality_communication_profile": {
      "personality_traits": ["assertive", "direct", "skeptical", "pragmatic"],
      "communication_style": "direct",
      "decision_making_style": "cautious",
      "objection_style": "direct",
      "role_in_deal": "influencer"
    },
    "intent_sentiment": {
      "intent_signals": ["raise objection", "negotiate", "set conditions", "set hard limit", "stall"],
      "overall_sentiment": "negative",
      "tone_patterns": "direct, firm, decisive, blunt, dismissive"
    },
    "objections_concerns": {
      "objection_types": ["pricing", "value", "need", "competition", "timeline", "implementation complexity", "budget"],
      "objection_frequency_severity": "high frequency and high severity, with 9 objections raised and consistently strong expressions"
    },
    "communication_behavior": {
      "response_time": "inconsistent, with a final stall indicating delayed or halted engagement",
      "engagement_level": "declining, culminating in disengagement",
      "message_complexity": "concise and to-the-point",
      "preferred_channel": "Email"
    },
    "deal_dynamics_risk_assessment": {
      "deal_stage_signals": "negotiation stalled",
      "budget_risk_indicators": "high risk, with explicit budget cap ($90K) and strong pricing pushback",
      "timeline_risk_indicators": "high risk, due to demand for immediate, out-of-the-box functionality and rejection of phased rollouts, compounded by stalling",
      "churn_risk_indicators": "very high churn risk, evidenced by disengagement, dismissive tone, and dependency on leadership's future interest"
    },
    "deal_insights": {
      "key_objections": "pricing/budget, perceived value, implementation complexity, and competitive alternatives",
      "decision_maker_status": "influencer or gatekeeper; defers to leadership for final re-engagement",
      "urgency_level": "low overall urgency from prospect's side, despite initial demands for immediate implementation if they were to proceed",
      "competitive_position": "weak, prospect is clearly evaluating competitors based on price and functionality"
    }
  }
--------------------------------
Personality analysis completed successfullyResponse: 
  {
    "prospect_name": "Emily Johnson",
    "personality_communication_profile": {
      "personality_traits": ["direct", "assertive", "skeptical", "pragmatic", "demanding"],
      "communication_style": "direct",
      "decision_making_style": "cost-conscious",
      "objection_style": "direct",
      "role_in_deal": "influencer"
    },
    "intent_sentiment": {
      "intent_signals": ["raise objection", "negotiate", "set conditions", "stall", "evaluate"],
      "overall_sentiment": "negative",
      "tone_patterns": "direct, firm, blunt, decisive, dismissive"
    },
    "objections_concerns": {
      "objection_types": ["pricing", "value", "competition", "timeline", "implementation complexity", "budget"],
      "objection_frequency_severity": "high frequency and high severity, with escalating and firm objections"
    },
    "communication_behavior": {
      "response_time": "fast",
      "engagement_level": "high initially, declining to low when stalling",
      "message_complexity": "short replies",
      "preferred_channel": "Email"
    },
    "deal_dynamics_risk_assessment": {
      "deal_stage_signals": "moved from proposal to negotiation, then stalled",
      "budget_risk_indicators": "extremely high due to explicit hard budget cap and consistent pricing pushback",
      "timeline_risk_indicators": "high due to rejection of phased rollout and demand for immediate, out-of-the-box functionality",
      "churn_risk_indicators": "high due to disengagement, explicit mention of other vendors, and stalling the deal"
    },
    "deal_insights": {
      "key_objections": "pricing/budget (under $90K hard cap), and implementation timeline (needs out-of-the-box, no long rollout)",
      "decision_maker_status": "influencer or key gatekeeper, not the ultimate decision-maker (refers to 'legal' and 'leadership')",
      "urgency_level": "low from the prospect's side, as she is willing to pause the discussion",
      "competitive_position": "unfavorable, prospect explicitly states 'Yours is the priciest' and is evaluating other vendors"
    }
  }
--------------------------------
Personality analysis completed successfullyResponse: 
  {
    "prospect_name": "Emily Johnson",
    "personality_communication_profile": {
      "personality_traits": ["direct", "assertive", "skeptical", "decisive"],
      "communication_style": "direct",
      "decision_making_style": "fast-mover",
      "objection_style": "direct",
      "role_in_deal": "highly influential decision-maker/blocker"
    },
    "intent_sentiment": {
      "intent_signals": ["raise objection", "negotiate", "set conditions", "stall"],
      "overall_sentiment": "negative",
      "tone_patterns": "direct, firm, blunt, impatient, dismissive, demanding"
    },
    "objections_concerns": {
      "objection_types": ["pricing", "value", "competition", "timeline", "implementation complexity", "budget"],
      "objection_frequency_severity": "high frequency and high severity"
    },
    "communication_behavior": {
      "response_time": "fast",
      "engagement_level": "high",
      "message_complexity": "short replies",
      "preferred_channel": "email"
    },
    "deal_dynamics_risk_assessment": {
      "deal_stage_signals": "negotiation, stalled",
      "budget_risk_indicators": "very high, explicit hard cap, pushback on price",
      "timeline_risk_indicators": "high, rejects phased rollout, demands out-of-the-box",
      "churn_risk_indicators": "high, explicit disengagement, comparing to competitors"
    },
    "deal_insights": {
      "key_objections": "pricing (too high, budget cap), value (not convinced of need), implementation (no long rollout, must be out-of-the-box)",
      "decision_maker_status": "highly influential decision-maker or very senior influencer with strong veto power",
      "urgency_level": "low (for this deal), high (for finding a quick, cost-effective solution)",
      "competitive_position": "weak due to price, prospect is actively evaluating competitors"
    }
  }
--------------------------------
Personality analysis completed successfullyResponse: 
  {
    "prospect_name": "Emily Johnson",
    "personality_communication_profile": {
      "personality_traits": ["direct", "assertive", "decisive", "skeptical", "price-sensitive", "pragmatic", "blunt", "guarded"],
      "communication_style": "direct",
      "decision_making_style": "pragmatic",
      "objection_style": "direct",
      "role_in_deal": "influencer"
    },
    "intent_sentiment": {
      "intent_signals": ["raise objection", "negotiate", "set conditions", "set hard limit", "stall", "disengage"],
      "overall_sentiment": "negative",
      "tone_patterns": "direct, firm, blunt, decisive, skeptical, dismissive"
    },
    "objections_concerns": {
      "objection_types": ["pricing", "value", "competition", "timeline", "budget", "implementation complexity"],
      "objection_frequency_severity": "very frequent and severe"
    },
    "communication_behavior": {
      "response_time": "fast",
      "engagement_level": "high",
      "message_complexity": "short replies",
      "preferred_channel": "email"
    },
    "deal_dynamics_risk_assessment": {
      "deal_stage_signals": "negotiation/re-evaluation, then stalling",
      "budget_risk_indicators": "high",
      "timeline_risk_indicators": "high",
      "churn_risk_indicators": "high"
    },
    "deal_insights": {
      "key_objections": "price (too high), perceived lack of value, complex implementation/time to value, strict budget limitations",
      "decision_maker_status": "influencer",
      "urgency_level": "low",
      "competitive_position": "unfavorable"
    }
  }
--------------------------------
Personality analysis completed successfullyResponse: 
  {
    "prospect_name": "Emily Johnson",
    "personality_communication_profile": {
      "personality_traits": ["direct", "assertive", "decisive", "skeptical", "blunt"],
      "communication_style": "direct",
      "decision_making_style": "fast-mover",
      "objection_style": "direct",
      "role_in_deal": "influencer"
    },
    "intent_sentiment": {
      "intent_signals": ["raising objection", "negotiating", "setting conditions", "stalling"],
      "overall_sentiment": "negative",
      "tone_patterns": "direct, firm, negative, blunt"
    },
    "objections_concerns": {
      "objection_types": ["pricing", "value", "competition", "timeline", "budget"],
      "objection_frequency_severity": "high frequency and high severity"
    },
    "communication_behavior": {
      "response_time": "fast",
      "engagement_level": "initially high, then disengaging",
      "message_complexity": "short replies",
      "preferred_channel": "email"
    },
    "deal_dynamics_risk_assessment": {
      "deal_stage_signals": "negotiation, moving to stalled",
      "budget_risk_indicators": "very high",
      "timeline_risk_indicators": "high",
      "churn_risk_indicators": "high"
    },
    "deal_insights": {
      "key_objections": "price (too high, over budget) and immediate implementation/ease of use",
      "decision_maker_status": "influencer",
      "urgency_level": "low",
      "competitive_position": "weak"
    }
  }
--------------------------------
Personality analysis completed successfullyResponse: 
  {
    "prospect_name": "Emily Johnson",
    "personality_communication_profile": {
      "personality_traits": ["direct", "assertive", "firm", "pragmatic"],
      "communication_style": "direct",
      "decision_making_style": "price-sensitive",
      "objection_style": "direct",
      "role_in_deal": "influencer"
    },
    "intent_sentiment": {
      "intent_signals": ["raise objection", "negotiate", "set conditions", "set hard limit", "stall"],
      "overall_sentiment": "negative",
      "tone_patterns": "direct"
    },
    "objections_concerns": {
      "objection_types": ["pricing", "value", "need", "competition", "timeline", "implementation complexity", "budget"],
      "objection_frequency_severity": "high"
    },
    "communication_behavior": {
      "response_time": "fast",
      "engagement_level": "low",
      "message_complexity": "short replies",
      "preferred_channel": "Email"
    },
    "deal_dynamics_risk_assessment": {
      "deal_stage_signals": "negotiation",
      "budget_risk_indicators": "high",
      "timeline_risk_indicators": "high",
      "churn_risk_indicators": "high"
    },
    "deal_insights": {
      "key_objections": "pricing and implementation complexity",
      "decision_maker_status": "influencer",
      "urgency_level": "low",
      "competitive_position": "weak"
    }
  }
--------------------------------
