Personality analysis completed successfullyResponse: 
  {
    "prospect_name": "Bruce",
    "personality_communication_profile": {
      "personality_traits": ["cooperative", "proactive", "efficient", "confident"],
      "communication_style": "direct",
      "decision_making_style": "fast-mover",
      "objection_style": "collaborative",
      "role_in_deal": "decision-maker"
    },
    "intent_sentiment": {
      "intent_signals": ["commit", "update", "facilitate_closure"],
      "overall_sentiment": "positive",
      "tone_patterns": "cooperative, proactive, confident"
    },
    "objections_concerns": {
      "objection_types": [],
      "objection_frequency_severity": "none"
    },
    "communication_behavior": {
      "response_time": "fast",
      "engagement_level": "high",
      "message_complexity": "short replies",
      "preferred_channel": "Slack"
    },
    "deal_dynamics_risk_assessment": {
      "deal_stage_signals": "negotiation/closing",
      "budget_risk_indicators": "none",
      "timeline_risk_indicators": "none",
      "churn_risk_indicators": "none"
    },
    "deal_insights": {
      "key_objections": "none",
      "decision_maker_status": "decision_maker",
      "urgency_level": "high",
      "competitive_position": "strong"
    }
  }
--------------------------------
Personality analysis completed successfullyResponse: 
  {
    "prospect_name": "Sophia Nguyen",
    "personality_communication_profile": {
      "personality_traits": ["efficient", "decisive", "professional", "collaborative"],
      "communication_style": "professional, concise, direct",
      "decision_making_style": "consensus-seeking (involving internal teams), but also decisive in process management",
      "objection_style": "direct, inquiring",
      "role_in_deal": "influencer and key facilitator"
    },
    "intent_sentiment": {
      "intent_signals": ["evaluating", "seeking clarification", "expediting process", "internal alignment"],
      "overall_sentiment": "positive",
      "tone_patterns": "professional, appreciative, direct, increasingly urgent"
    },
    "objections_concerns": {
      "objection_types": ["scope of service/implementation"],
      "objection_frequency_severity": "low frequency (one instance), low severity (easily resolved by clarification)"
    },
    "communication_behavior": {
      "response_time": "fast",
      "engagement_level": "high",
      "message_complexity": "short, concise replies",
      "preferred_channel": "shifts from email to Slack for speed and efficiency"
    },
    "deal_dynamics_risk_assessment": {
      "deal_stage_signals": "proposal review and negotiation, moving towards close",
      "budget_risk_indicators": "low (8% discount already applied, no new budget mentions)",
      "timeline_risk_indicators": "low (prospect is actively pushing for speed)",
      "churn_risk_indicators": "low (high engagement, positive sentiment, proactive communication)"
    },
    "deal_insights": {
      "key_objections": "clarification on implementation support inclusion",
      "decision_maker_status": "influencer, manages internal review process, not the sole decision-maker",
      "urgency_level": "high (explicitly requests faster communication via Slack)",
      "competitive_position": "strong (no mention of competitors, focused on internal alignment and closing)"
    }
  }
--------------------------------
Personality analysis completed successfullyResponse: 
  {
    "prospect_name": "Bruce Wayne",
    "personality_communication_profile": {
      "personality_traits": ["accommodating", "cooperative", "proactive", "efficient", "reliable"],
      "communication_style": "direct, professional, accommodating",
      "decision_making_style": "fast-mover, efficient, collaborative",
      "objection_style": "collaborative, problem-solving (no direct objections raised by prospect)",
      "role_in_deal": "key influencer, empowered to drive internal processes"
    },
    "intent_sentiment": {
      "intent_signals": ["resolving blockers", "coordinating internally", "confirming readiness", "moving to close"],
      "overall_sentiment": "positive",
      "tone_patterns": "accommodating, proactive, confident, conclusive"
    },
    "objections_concerns": {
      "objection_types": [],
      "objection_frequency_severity": "very low frequency, low severity (no objections raised by prospect)"
    },
    "communication_behavior": {
      "response_time": "fast",
      "engagement_level": "high",
      "message_complexity": "short, direct, clear",
      "preferred_channel": "Slack"
    },
    "deal_dynamics_risk_assessment": {
      "deal_stage_signals": "negotiation/closing",
      "budget_risk_indicators": "none observed",
      "timeline_risk_indicators": "low risk (actively working to meet deadlines)",
      "churn_risk_indicators": "very low"
    },
    "deal_insights": {
      "key_objections": "none from prospect; quickly addressed legal tweak requested by rep",
      "decision_maker_status": "key influencer or decision-maker facilitating internal processes",
      "urgency_level": "high (working towards a set signature and onboarding deadline)",
      "competitive_position": "not explicitly mentioned"
    }
  },
  {
    "prospect_name": "Sophia Nguyen",
    "personality_communication_profile": {
      "personality_traits": ["professional", "appreciative", "decisive", "collaborative", "internal coordinator"],
      "communication_style": "professional, appreciative, direct, decisive",
      "decision_making_style": "consensus-seeking (involves RevOps), clarifies details, then moves quickly",
      "objection_style": "direct inquiry, collaborative (seeking clarification)",
      "role_in_deal": "influencer, internal coordinator, key contact"
    },
    "intent_sentiment": {
      "intent_signals": ["acknowledging receipt", "internal review", "seeking clarification", "confirming next steps", "transitioning communication channel"],
      "overall_sentiment": "neutral to positive",
      "tone_patterns": "professional, appreciative, inquiring, decisive"
    },
    "objections_concerns": {
      "objection_types": ["technical/scope clarification (implementation support)"],
      "objection_frequency_severity": "one specific clarification, low severity, easily resolved"
    },
    "communication_behavior": {
      "response_time": "moderate to fast",
      "engagement_level": "moderate to high",
      "message_complexity": "short, professional, clear",
      "preferred_channel": "Slack (expressed preference after initial email)"
    },
    "deal_dynamics_risk_assessment": {
      "deal_stage_signals": "proposal review/clarification",
      "budget_risk_indicators": "none observed",
      "timeline_risk_indicators": "low (seeking efficient communication)",
      "churn_risk_indicators": "low"
    },
    "deal_insights": {
      "key_objections": "clarification on implementation support inclusion",
      "decision_maker_status": "influencer and coordinator (involves RevOps lead)",
      "urgency_level": "moderate (desires efficient progression by moving to Slack)",
      "competitive_position": "not mentioned"
    }
  }
--------------------------------
Personality analysis completed successfullyResponse: 
  {
    "prospect_name": "Bruce",
    "personality_communication_profile": {
      "personality_traits": ["cooperative", "efficient", "responsive", "decisive"],
      "communication_style": "direct, cooperative, professional, concise",
      "decision_making_style": "fast-mover, collaborative (with internal teams)",
      "objection_style": "collaborative (readily addresses requests)",
      "role_in_deal": "decision maker"
    },
    "intent_sentiment": {
      "intent_signals": ["committing to actions", "facilitating legal review", "confirming next steps", "moving to close"],
      "overall_sentiment": "positive",
      "tone_patterns": "cooperative, efficient, reassuring"
    },
    "objections_concerns": {
      "objection_types": [],
      "objection_frequency_severity": "none"
    },
    "communication_behavior": {
      "response_time": "fast",
      "engagement_level": "high",
      "message_complexity": "short, direct, action-oriented replies",
      "preferred_channel": "Slack"
    },
    "deal_dynamics_risk_assessment": {
      "deal_stage_signals": "negotiation/finalization",
      "budget_risk_indicators": "none",
      "timeline_risk_indicators": "low (actively working to meet proposed timeline)",
      "churn_risk_indicators": "very low"
    },
    "deal_insights": {
      "key_objections": "none (readily addressed legal tweak)",
      "decision_maker_status": "key decision-maker or significant influencer",
      "urgency_level": "high (aligned with proposed closing timeline)",
      "competitive_position": "not mentioned, deal progressing smoothly"
    }
  },
  {
    "prospect_name": "Sophia Nguyen",
    "personality_communication_profile": {
      "personality_traits": ["professional", "appreciative", "direct", "collaborative", "internal coordinator"],
      "communication_style": "professional, concise, direct, appreciative",
      "decision_making_style": "consensus-seeking (involves internal stakeholders), practical (switches channels for efficiency)",
      "objection_style": "direct (raises specific clarification)",
      "role_in_deal": "influencer, coordinator"
    },
    "intent_sentiment": {
      "intent_signals": ["acknowledging receipt", "initiating internal review", "seeking clarification", "proposing channel change", "moving forward"],
      "overall_sentiment": "positive",
      "tone_patterns": "professional, appreciative, direct, urgent (when requesting channel change)"
    },
    "objections_concerns": {
      "objection_types": ["clarity/scope (implementation support)"],
      "objection_frequency_severity": "one specific clarification, not severe"
    },
    "communication_behavior": {
      "response_time": "fast (especially for email, proactively suggests Slack)",
      "engagement_level": "high",
      "message_complexity": "short to medium, professional, direct",
      "preferred_channel": "email (initially), then Slack (for faster communication)"
    },
    "deal_dynamics_risk_assessment": {
      "deal_stage_signals": "proposal review/negotiation",
      "budget_risk_indicators": "none",
      "timeline_risk_indicators": "low (focused on quick internal review and resolution)",
      "churn_risk_indicators": "very low"
    },
    "deal_insights": {
      "key_objections": "clarification on implementation support (resolved)",
      "decision_maker_status": "key influencer/primary point of contact (coordinates with RevOps)",
      "urgency_level": "moderate to high (wants quick turnaround, suggests moving to Slack)",
      "competitive_position": "not mentioned"
    }
  }
--------------------------------
Personality analysis completed successfullyResponse: 
  {
    "prospect_name": "Bruce Wayne",
    "personality_communication_profile": {
      "personality_traits": ["cooperative", "proactive", "efficient", "confident", "agreeable"],
      "communication_style": "direct",
      "decision_making_style": "fast-mover",
      "objection_style": "collaborative",
      "role_in_deal": "decision maker"
    },
    "intent_sentiment": {
      "intent_signals": ["resolve", "update", "reassure"],
      "overall_sentiment": "positive",
      "tone_patterns": "cooperative"
    },
    "objections_concerns": {
      "objection_types": [],
      "objection_frequency_severity": "very low frequency"
    },
    "communication_behavior": {
      "response_time": "fast",
      "engagement_level": "high",
      "message_complexity": "short replies",
      "preferred_channel": "Slack"
    },
    "deal_dynamics_risk_assessment": {
      "deal_stage_signals": "negotiation/closing",
      "budget_risk_indicators": "none observed",
      "timeline_risk_indicators": "low",
      "churn_risk_indicators": "very low"
    },
    "deal_insights": {
      "key_objections": "no objections raised by prospect",
      "decision_maker_status": "key decision-maker or holds significant influence",
      "urgency_level": "high",
      "competitive_position": "not explicitly mentioned, focus on closing"
    }
  },
  {
    "prospect_name": "Sophia Nguyen",
    "personality_communication_profile": {
      "personality_traits": ["professional", "appreciative", "direct", "collaborative", "efficient"],
      "communication_style": "professional",
      "decision_making_style": "consensus-seeking",
      "objection_style": "direct",
      "role_in_deal": "influencer"
    },
    "intent_sentiment": {
      "intent_signals": ["acknowledge receipt", "clarify", "confirm next steps"],
      "overall_sentiment": "positive",
      "tone_patterns": "professional"
    },
    "objections_concerns": {
      "objection_types": ["technical/scope"],
      "objection_frequency_severity": "low frequency and low severity"
    },
    "communication_behavior": {
      "response_time": "fast",
      "engagement_level": "high",
      "message_complexity": "professional and concise",
      "preferred_channel": "Slack"
    },
    "deal_dynamics_risk_assessment": {
      "deal_stage_signals": "proposal/evaluation",
      "budget_risk_indicators": "none observed",
      "timeline_risk_indicators": "low",
      "churn_risk_indicators": "very low"
    },
    "deal_insights": {
      "key_objections": "implementation support clarification",
      "decision_maker_status": "influencer/gatekeeper",
      "urgency_level": "moderate to high",
      "competitive_position": "not explicitly mentioned"
    }
  }
--------------------------------
Personality analysis completed successfullyResponse: 
  {
    "prospect_name": "Bruce",
    "personality_communication_profile": {
      "personality_traits": ["Cooperative", "Proactive", "Efficient", "Action-oriented"],
      "communication_style": "Direct and concise, with a cooperative and reassuring tone.",
      "decision_making_style": "Fast-mover, collaborative (coordinates with legal team), action-oriented.",
      "objection_style": "Collaborative (actively addresses external requests without raising internal objections).",
      "role_in_deal": "Influencer and key facilitator, coordinating internal legal processes."
    },
    "intent_sentiment": {
      "intent_signals": ["Commitment to action", "Providing updates on progress", "Setting clear next steps to close"],
      "overall_sentiment": "Highly positive and cooperative towards closing the deal.",
      "tone_patterns": "Consistently cooperative, proactive, and reassuring."
    },
    "objections_concerns": {
      "objection_types": [],
      "objection_frequency_severity": "None. The prospect did not raise any objections; instead, they swiftly addressed a request from the sales rep's legal team."
    },
    "communication_behavior": {
      "response_time": "Very fast, often within seconds.",
      "engagement_level": "High engagement, active participation with clear, action-oriented messages.",
      "message_complexity": "Short, concise, and focused on immediate next steps.",
      "preferred_channel": "Slack (as evidenced by consistent and rapid interaction on this channel)."
    },
    "deal_dynamics_risk_assessment": {
      "deal_stage_signals": "Negotiation/Closing. The conversation revolves around finalizing contract terms and signatures.",
      "budget_risk_indicators": "None observed.",
      "timeline_risk_indicators": "Low risk; the prospect is actively working to meet the proposed timeline.",
      "churn_risk_indicators": "Very low; high engagement, positive sentiment, and proactive resolution of minor blockers."
    },
    "deal_insights": {
      "key_objections": "None from the prospect.",
      "decision_maker_status": "Influencer/Process Facilitator. While not the ultimate decision-maker, he is critical in driving the internal legal review and signature process.",
      "urgency_level": "High; the prospect is aligned with the rep's urgency to close by Friday.",
      "competitive_position": "Unknown; no competitive discussion in this thread, deal seems to be in closing stages."
    }
  },
  {
    "prospect_name": "Sophia Nguyen",
    "personality_communication_profile": {
      "personality_traits": ["Professional", "Organized", "Collaborative", "Practical", "Appreciative"],
      "communication_style": "Professional, concise, and direct. Appreciative of quick responses.",
      "decision_making_style": "Consensus-seeking (involves RevOps lead), practical (asks clarifying questions).",
      "objection_style": "Direct and collaborative (raises specific questions for clarification, not outright objections).",
      "role_in_deal": "Influencer and evaluator, seeking internal alignment."
    },
    "intent_sentiment": {
      "intent_signals": ["Evaluating proposal", "Clarifying details", "Seeking internal alignment", "Expressing preference for faster communication"],
      "overall_sentiment": "Positive to neutral, indicating active consideration and movement forward.",
      "tone_patterns": "Professional, direct, and appreciative."
    },
    "objections_concerns": {
      "objection_types": ["Technical/Scope (implementation support)"],
      "objection_frequency_severity": "Low frequency (one specific question) and low severity (easily clarified and resolved)."
    },
    "communication_behavior": {
      "response_time": "Fast to moderate, responding within minutes.",
      "engagement_level": "Moderate to high; actively engages, provides feedback, and initiates a channel change.",
      "message_complexity": "Concise and clear, focused on specific feedback or next steps.",
      "preferred_channel": "Shifting from Email to Slack, explicitly stating it's 'faster for us at this point'."
    },
    "deal_dynamics_risk_assessment": {
      "deal_stage_signals": "Proposal/Evaluation. Prospect is reviewing the formal proposal and gathering internal feedback.",
      "budget_risk_indicators": "None observed; discount was previously discussed.",
      "timeline_risk_indicators": "Low risk; prompt responses and desire for faster communication suggest a desire to proceed efficiently.",
      "churn_risk_indicators": "Very low; high engagement, specific questions, and proactive channel change indicate strong interest."
    },
    "deal_insights": {
      "key_objections": "Clarity on implementation support being included.",
      "decision_maker_status": "Influencer/Key Stakeholder. She is responsible for forwarding the proposal and gathering initial feedback from internal teams (RevOps lead).",
      "urgency_level": "Moderate; appreciates 'quick turnaround' and seeks 'faster' communication.",
      "competitive_position": "Unknown; no competitive discussion in this thread."
    }
  }
--------------------------------
Personality analysis completed successfullyResponse: 
  {
    "prospect_name": "Bruce",
    "personality_communication_profile": {
      "personality_traits": ["cooperative", "efficient", "proactive", "decisive"],
      "communication_style": "direct",
      "decision_making_style": "fast-mover",
      "objection_style": "collaborative",
      "role_in_deal": "decision maker"
    },
    "intent_sentiment": {
      "intent_signals": ["commit", "progress_update", "confirm_next_steps"],
      "overall_sentiment": "positive",
      "tone_patterns": "cooperative, proactive, assuring"
    },
    "objections_concerns": {
      "objection_types": [],
      "objection_frequency_severity": "zero"
    },
    "communication_behavior": {
      "response_time": "fast",
      "engagement_level": "high",
      "message_complexity": "short replies",
      "preferred_channel": "Slack"
    },
    "deal_dynamics_risk_assessment": {
      "deal_stage_signals": "negotiation",
      "budget_risk_indicators": "low",
      "timeline_risk_indicators": "low",
      "churn_risk_indicators": "low"
    },
    "deal_insights": {
      "key_objections": "no direct objections from prospect",
      "decision_maker_status": "primary decision maker",
      "urgency_level": "high",
      "competitive_position": "unknown"
    }
  },
  {
    "prospect_name": "Sophia Nguyen",
    "personality_communication_profile": {
      "personality_traits": ["professional", "appreciative", "decisive", "practical"],
      "communication_style": "professional, direct",
      "decision_making_style": "consensus-seeking",
      "objection_style": "direct",
      "role_in_deal": "influencer"
    },
    "intent_sentiment": {
      "intent_signals": ["acknowledge", "internal review", "clarify", "transition"],
      "overall_sentiment": "positive",
      "tone_patterns": "professional, appreciative, decisive"
    },
    "objections_concerns": {
      "objection_types": ["technical_limitations"],
      "objection_frequency_severity": "low, easily resolved"
    },
    "communication_behavior": {
      "response_time": "fast",
      "engagement_level": "high",
      "message_complexity": "short replies",
      "preferred_channel": "Email, then Slack"
    },
    "deal_dynamics_risk_assessment": {
      "deal_stage_signals": "proposal",
      "budget_risk_indicators": "low",
      "timeline_risk_indicators": "low",
      "churn_risk_indicators": "low"
    },
    "deal_insights": {
      "key_objections": "clarification on implementation support inclusion",
      "decision_maker_status": "influencer, coordinating internal review",
      "urgency_level": "moderate",
      "competitive_position": "unknown"
    }
  }
--------------------------------
Personality analysis completed successfullyResponse: 
  {
    "prospect_name": "Bruce",
    "personality_communication_profile": {
      "personality_traits": ["cooperative", "proactive", "confident", "efficient"],
      "communication_style": "direct, concise, professional",
      "decision_making_style": "fast-mover",
      "objection_style": "collaborative",
      "role_in_deal": "decision-maker"
    },
    "intent_sentiment": {
      "intent_signals": ["commit", "update", "plan_next_steps"],
      "overall_sentiment": "positive",
      "tone_patterns": "consistent positive, proactive, and confident tone"
    },
    "objections_concerns": {
      "objection_types": [],
      "objection_frequency_severity": "none"
    },
    "communication_behavior": {
      "response_time": "very fast",
      "engagement_level": "high",
      "message_complexity": "short and clear",
      "preferred_channel": "slack"
    },
    "deal_dynamics_risk_assessment": {
      "deal_stage_signals": "negotiation/closing",
      "budget_risk_indicators": "none",
      "timeline_risk_indicators": "none, aligned with rep's timeline",
      "churn_risk_indicators": "very low"
    },
    "deal_insights": {
      "key_objections": "no objections raised by prospect",
      "decision_maker_status": "primary decision-maker",
      "urgency_level": "high, aligned with rep's timeline",
      "competitive_position": "not enough information"
    }
  },
  {
    "prospect_name": "Sophia Nguyen",
    "personality_communication_profile": {
      "personality_traits": ["professional", "appreciative", "organized", "decisive"],
      "communication_style": "professional, informative, concise",
      "decision_making_style": "consensus-seeking, then decisive",
      "objection_style": "indirect/clarifying",
      "role_in_deal": "influencer"
    },
    "intent_sentiment": {
      "intent_signals": ["acknowledge", "inform_next_steps", "defer", "clarify_details"],
      "overall_sentiment": "positive",
      "tone_patterns": "consistent professional and informative tone, becoming more decisive"
    },
    "objections_concerns": {
      "objection_types": ["scope_clarification"],
      "objection_frequency_severity": "one minor clarification, low severity"
    },
    "communication_behavior": {
      "response_time": "moderate, then faster once channel changed",
      "engagement_level": "moderate to high",
      "message_complexity": "concise, professional emails",
      "preferred_channel": "shifted to slack for speed"
    },
    "deal_dynamics_risk_assessment": {
      "deal_stage_signals": "proposal/evaluation",
      "budget_risk_indicators": "none",
      "timeline_risk_indicators": "none",
      "churn_risk_indicators": "low"
    },
    "deal_insights": {
      "key_objections": "clarification on implementation support",
      "decision_maker_status": "key influencer managing internal review",
      "urgency_level": "moderate, prefers efficiency",
      "competitive_position": "not enough information"
    }
  }
--------------------------------
Personality analysis completed successfullyResponse: 
  {
    "prospect_name": "Sophia Nguyen",
    "personality_communication_profile": {
      "personality_traits": ["Professional", "Collaborative", "Efficient", "Direct"],
      "communication_style": "Professional, concise, and direct",
      "decision_making_style": "Consensus-seeking, cautious (seeking clarity)",
      "objection_style": "Direct and clarifying",
      "role_in_deal": "Influencer/Facilitator"
    },
    "intent_sentiment": {
      "intent_signals": ["Evaluating proposal", "Seeking clarification", "Moving towards next steps", "Interest in efficiency"],
      "overall_sentiment": "Positive-Neutral, cooperative",
      "tone_patterns": "Professional, appreciative, inquiring, efficient"
    },
    "objections_concerns": {
      "objection_types": ["Clarification (implementation support)"],
      "objection_frequency_severity": "Low frequency, low severity (one minor clarification)"
    },
    "communication_behavior": {
      "response_time": "Fast and consistent (within seconds to a minute)",
      "engagement_level": "High (prompt replies, proactive channel change suggestion)",
      "message_complexity": "Short, direct, and concise",
      "preferred_channel": "Slack (for efficiency, after starting on email)"
    },
    "deal_dynamics_risk_assessment": {
      "deal_stage_signals": "Proposal/Negotiation (clarification on terms)",
      "budget_risk_indicators": "Low (no budget concerns raised)",
      "timeline_risk_indicators": "Low (appreciates speed, no delays indicated)",
      "churn_risk_indicators": "Low (high engagement, positive sentiment)"
    },
    "deal_insights": {
      "key_objections": "Clarification on implementation support",
      "decision_maker_status": "Influencer (consulting with RevOps lead and team)",
      "urgency_level": "Moderate to high (wants quick turnaround, prefers faster communication)",
      "competitive_position": "Strong (no mention of competitors, positive alignment)"
    }
  }
--------------------------------
Personality analysis completed successfullyResponse: 
  {
    "prospect_name": "Bruce Wayne",
    "personality_communication_profile": {
      "personality_traits": ["Cooperative", "Efficient", "Confident", "Action-oriented"],
      "communication_style": "Direct and professional, with a cooperative and efficient tone.",
      "decision_making_style": "Fast-mover; decisive and collaborative when involving legal.",
      "objection_style": "Collaborative and accommodating, seeking quick resolution.",
      "role_in_deal": "Key influencer/decision-maker, with authority over legal contract finalization."
    },
    "intent_sentiment": {
      "intent_signals": ["Accommodate", "Update", "Confirm", "Move to close", "Negotiate (minor terms)"],
      "overall_sentiment": "Highly positive and cooperative towards the deal.",
      "tone_patterns": "Consistent cooperative, efficient, and confident tone."
    },
    "objections_concerns": {
      "objection_types": ["Legal/Contractual (termination clause)"],
      "objection_frequency_severity": "Low frequency (one minor point) and low severity (resolved immediately)."
    },
    "communication_behavior": {
      "response_time": "Fast, typically within seconds to a minute.",
      "engagement_level": "High, actively participating and providing prompt updates.",
      "message_complexity": "Short, concise, and direct replies.",
      "preferred_channel": "Slack (highly engaged and responsive)."
    },
    "deal_dynamics_risk_assessment": {
      "deal_stage_signals": "Negotiation/Closing, focused on contract finalization.",
      "budget_risk_indicators": "No budget-related risks observed.",
      "timeline_risk_indicators": "Low; committed to established deadlines and proactive in facilitating resolution.",
      "churn_risk_indicators": "Very low; high engagement, positive sentiment, and quick issue resolution indicate commitment."
    },
    "deal_insights": {
      "key_objections": "One minor legal wording adjustment (termination clause), quickly agreed upon and addressed.",
      "decision_maker_status": "Appears to be a key decision-maker or holds significant influence over contract terms.",
      "urgency_level": "High, aligned with the sales rep's urgency to close by Friday.",
      "competitive_position": "Strong; focus is entirely on closing the current deal."
    }
  },
  {
    "prospect_name": "Sophia Nguyen",
    "personality_communication_profile": {
      "personality_traits": ["Professional", "Appreciative", "Direct", "Collaborative", "Efficient"],
      "communication_style": "Professional and direct, with an appreciative and clarifying tone.",
      "decision_making_style": "Consensus-seeking (involves RevOps), but also efficient (suggests Slack transition).",
      "objection_style": "Directly questions specific inclusions, seeking clarity.",
      "role_in_deal": "Influencer/Evaluator, responsible for initial review and gathering internal feedback."
    },
    "intent_sentiment": {
      "intent_signals": ["Evaluate proposal", "Seek clarification", "Acknowledge", "Move to next steps"],
      "overall_sentiment": "Positive and professional, focused on clarifying details.",
      "tone_patterns": "Consistent professional and direct tone, evolving to appreciative and efficient."
    },
    "objections_concerns": {
      "objection_types": ["Service inclusion/scope (implementation support)"],
      "objection_frequency_severity": "Low frequency (one specific question) and moderate severity (critical detail, but quickly clarified)."
    },
    "communication_behavior": {
      "response_time": "Generally fast, ranging from seconds to under a minute.",
      "engagement_level": "High, actively reviewing the proposal, seeking clarification, and suggesting channel change.",
      "message_complexity": "Short, concise, and professional replies.",
      "preferred_channel": "Prefers Slack for faster communication at the current stage."
    },
    "deal_dynamics_risk_assessment": {
      "deal_stage_signals": "Proposal review/Negotiation, seeking internal feedback and clarification.",
      "budget_risk_indicators": "No explicit budget risks, but clarifying inclusions might indirectly relate to value perception.",
      "timeline_risk_indicators": "Low; proactive in moving the conversation to a faster channel (Slack).",
      "churn_risk_indicators": "Very low; high engagement and proactive communication suggest strong interest."
    },
    "deal_insights": {
      "key_objections": "Clarification on whether implementation support is included in the first month.",
      "decision_maker_status": "Influencer; she relies on feedback from her 'RevOps lead'.",
      "urgency_level": "Moderate to High; her suggestion to move to Slack indicates a desire for efficiency and progress.",
      "competitive_position": "Not explicitly mentioned, but engagement indicates strong consideration of the current proposal."
    }
  }
--------------------------------
Personality analysis completed successfullyResponse: {"prospect_name":"Sophia Nguyen","personality_communication_profile":{"personality_traits":["Collaborative","Practical","Action-oriented","Efficient"],"communication_style":"Direct","decision_making_style":"Consensus-seeking","objection_style":"Direct","role_in_deal":"Decision Maker"},"intent_sentiment":{"intent_signals":["High interest","Evaluating","Moving forward","Drive closure"],"overall_sentiment":"Positive","tone_patterns":"Proactive and solution-oriented"},"objections_concerns":{"objection_types":["Implementation support"],"objection_frequency_severity":"Low frequency and low severity (clarification)"},"communication_behavior":{"response_time":"Fast","engagement_level":"High","message_complexity":"Concise and direct","preferred_channel":"Slack"},"deal_dynamics_risk_assessment":{"deal_stage_signals":"Negotiation/Closing","budget_risk_indicators":"Low","timeline_risk_indicators":"Low (actively expediting closure)","churn_risk_indicators":"Very Low"},"deal_insights":{"key_objections":"Clarification on implementation support","decision_maker_status":"Decision Maker","urgency_level":"High","competitive_position":"Unknown"}}--------------------------------
Personality analysis completed successfullyResponse: 
  {
    "prospect_name": "Bruce",
    "personality_communication_profile": {
      "personality_traits": ["cooperative", "proactive", "efficient", "responsive"],
      "communication_style": "professional, direct, cooperative",
      "decision_making_style": "fast-mover, action-oriented, pragmatic",
      "objection_style": "collaborative",
      "role_in_deal": "decision facilitator, key influencer"
    },
    "intent_sentiment": {
      "intent_signals": ["agreeing to amendment", "providing progress updates", "confirming ability to meet timeline"],
      "overall_sentiment": "positive",
      "tone_patterns": "cooperative, proactive, reassuring, efficient"
    },
    "objections_concerns": {
      "objection_types": [],
      "objection_frequency_severity": "zero"
    },
    "communication_behavior": {
      "response_time": "fast",
      "engagement_level": "high",
      "message_complexity": "short, direct, action-oriented",
      "preferred_channel": "Slack"
    },
    "deal_dynamics_risk_assessment": {
      "deal_stage_signals": "negotiation, closing",
      "budget_risk_indicators": "none",
      "timeline_risk_indicators": "low",
      "churn_risk_indicators": "very low"
    },
    "deal_insights": {
      "key_objections": "none raised",
      "decision_maker_status": "decision facilitator or highly influential",
      "urgency_level": "high",
      "competitive_position": "not applicable, deal in closing"
    }
  },
  {
    "prospect_name": "Sophia Nguyen",
    "personality_communication_profile": {
      "personality_traits": ["professional", "appreciative", "decisive", "cautious"],
      "communication_style": "professional, appreciative, direct, decisive",
      "decision_making_style": "consensus-seeking, clarifying, fast-mover once clarified",
      "objection_style": "direct",
      "role_in_deal": "influencer, internal champion"
    },
    "intent_sentiment": {
      "intent_signals": ["acknowledging proposal", "initiating internal review", "asking clarifying questions", "requesting channel change to expedite"],
      "overall_sentiment": "positive",
      "tone_patterns": "professional, appreciative, direct, decisive"
    },
    "objections_concerns": {
      "objection_types": ["technical/scope"],
      "objection_frequency_severity": "one specific, clear objection of moderate severity"
    },
    "communication_behavior": {
      "response_time": "fast",
      "engagement_level": "high",
      "message_complexity": "professional, concise, to-the-point",
      "preferred_channel": "shifts from Email to Slack"
    },
    "deal_dynamics_risk_assessment": {
      "deal_stage_signals": "proposal, negotiation",
      "budget_risk_indicators": "none",
      "timeline_risk_indicators": "low to moderate",
      "churn_risk_indicators": "very low"
    },
    "deal_insights": {
      "key_objections": "clarification on implementation support being included in the first month",
      "decision_maker_status": "influencer, involves RevOps lead",
      "urgency_level": "moderate to high",
      "competitive_position": "not applicable"
    }
  }
--------------------------------
Personality analysis completed successfullyResponse: 
  {
    "prospect_name": "Sophia Nguyen",
    "personality_communication_profile": {
      "personality_traits": ["cooperative", "professional", "pragmatic", "organized", "appreciative"],
      "communication_style": "professional, concise, direct, appreciative",
      "decision_making_style": "consensus-seeking, efficiency-driven, clarifies details",
      "objection_style": "direct, clarifying questions",
      "role_in_deal": "influencer"
    },
    "intent_sentiment": {
      "intent_signals": ["acknowledging receipt", "clarifying details", "confirming actions", "seeking efficiency", "progressing deal"],
      "overall_sentiment": "positive",
      "tone_patterns": "consistent professional and cooperative tone"
    },
    "objections_concerns": {
      "objection_types": ["implementation/scope clarification"],
      "objection_frequency_severity": "low frequency, low severity"
    },
    "communication_behavior": {
      "response_time": "fast",
      "engagement_level": "high",
      "message_complexity": "short, concise replies",
      "preferred_channel": "initially email, prefers Slack for faster communication"
    },
    "deal_dynamics_risk_assessment": {
      "deal_stage_signals": "negotiation/proposal review",
      "budget_risk_indicators": "none",
      "timeline_risk_indicators": "low",
      "churn_risk_indicators": "low"
    },
    "deal_insights": {
      "key_objections": "clarification on implementation support",
      "decision_maker_status": "influencer/facilitator (involves RevOps lead)",
      "urgency_level": "moderate to high (values quick turnaround, suggests faster communication channel)",
      "competitive_position": "strong (no competitive mentions, smooth progress)"
    }
  }
--------------------------------
Personality analysis completed successfullyResponse: 
  {
    "prospect_name": "Bruce",
    "personality_communication_profile": {
      "personality_traits": ["accommodating", "efficient", "confident", "action-oriented"],
      "communication_style": "professional, direct, accommodating, solution-oriented",
      "decision_making_style": "fast-mover, pragmatic, action-oriented",
      "objection_style": "no direct objections; accommodating to requests",
      "role_in_deal": "influencer, coordinator, facilitator"
    },
    "intent_sentiment": {
      "intent_signals": ["commit_to_action", "provide_update", "confirm_timeline", "deal_advancing"],
      "overall_sentiment": "positive",
      "tone_patterns": "accommodating, efficient, confident"
    },
    "objections_concerns": {
      "objection_types": [],
      "objection_frequency_severity": "none"
    },
    "communication_behavior": {
      "response_time": "fast",
      "engagement_level": "high",
      "message_complexity": "short, clear, action-oriented replies",
      "preferred_channel": "Slack"
    },
    "deal_dynamics_risk_assessment": {
      "deal_stage_signals": "negotiation/closing",
      "budget_risk_indicators": "no budget discussions",
      "timeline_risk_indicators": "no delays; actively working to meet timeline",
      "churn_risk_indicators": "low"
    },
    "deal_insights": {
      "key_objections": "none",
      "decision_maker_status": "important facilitator and coordinator, acts on behalf of decision-makers (legal team), strong influencer",
      "urgency_level": "high (aligned with set deadlines)",
      "competitive_position": "not discussed"
    }
  },
  {
    "prospect_name": "Sophia Nguyen",
    "personality_communication_profile": {
      "personality_traits": ["professional", "appreciative", "decisive", "inquiring"],
      "communication_style": "professional, concise, appreciative, direct in inquiries",
      "decision_making_style": "consensus-seeking, practical, cautious",
      "objection_style": "direct (clarification request)",
      "role_in_deal": "influencer, evaluator, internal coordinator"
    },
    "intent_sentiment": {
      "intent_signals": ["acknowledge", "internal_hand-off", "clarify", "confirm", "request_updated_document", "transition_channel", "evaluating"],
      "overall_sentiment": "positive, appreciative",
      "tone_patterns": "professional, appreciative, inquiring, decisive"
    },
    "objections_concerns": {
      "objection_types": ["technical_limitations (clarification on scope)"],
      "objection_frequency_severity": "low frequency; moderate severity (required clarification to proceed)"
    },
    "communication_behavior": {
      "response_time": "fast",
      "engagement_level": "high",
      "message_complexity": "concise and to the point",
      "preferred_channel": "initially Email, then requested Slack for faster communication"
    },
    "deal_dynamics_risk_assessment": {
      "deal_stage_signals": "proposal/evaluation",
      "budget_risk_indicators": "no budget discussions or concerns",
      "timeline_risk_indicators": "no explicit delays; desire for faster communication via Slack",
      "churn_risk_indicators": "low"
    },
    "deal_insights": {
      "key_objections": "clarification regarding implementation support inclusion",
      "decision_maker_status": "influencer and internal coordinator; forwards to 'RevOps lead' and gets 'initial feedback', indicating not the sole decision-maker but critical to evaluation",
      "urgency_level": "moderate to high (evidenced by quick responses and request for faster channel)",
      "competitive_position": "not discussed"
    }
  }
--------------------------------
Personality analysis completed successfullyResponse: 
  {
    "prospect_name": "Bruce",
    "personality_communication_profile": {
      "personality_traits": ["cooperative", "proactive", "efficient", "reliable"],
      "communication_style": "direct",
      "decision_making_style": "fast-mover",
      "objection_style": "collaborative",
      "role_in_deal": "decision maker"
    },
    "intent_sentiment": {
      "intent_signals": ["commit_to_action", "update_status", "agree_to_timeline"],
      "overall_sentiment": "positive",
      "tone_patterns": "cooperative"
    },
    "objections_concerns": {
      "objection_types": [],
      "objection_frequency_severity": "none"
    },
    "communication_behavior": {
      "response_time": "fast",
      "engagement_level": "high",
      "message_complexity": "short_replies",
      "preferred_channel": "Slack"
    },
    "deal_dynamics_risk_assessment": {
      "deal_stage_signals": "negotiation/closing",
      "budget_risk_indicators": "none",
      "timeline_risk_indicators": "positive",
      "churn_risk_indicators": "low"
    },
    "deal_insights": {
      "key_objections": "none",
      "decision_maker_status": "decision maker",
      "urgency_level": "high",
      "competitive_position": "not applicable"
    }
  },
  {
    "prospect_name": "Sophia Nguyen",
    "personality_communication_profile": {
      "personality_traits": ["professional", "organized", "collaborative", "detail-oriented"],
      "communication_style": "professional",
      "decision_making_style": "consensus-seeking",
      "objection_style": "direct",
      "role_in_deal": "influencer"
    },
    "intent_sentiment": {
      "intent_signals": ["acknowledge", "clarify", "confirm_next_steps", "evaluating"],
      "overall_sentiment": "positive",
      "tone_patterns": "professional"
    },
    "objections_concerns": {
      "objection_types": ["clarification_on_services"],
      "objection_frequency_severity": "low_severity_single_occurrence"
    },
    "communication_behavior": {
      "response_time": "fast",
      "engagement_level": "high",
      "message_complexity": "short_replies",
      "preferred_channel": "Slack"
    },
    "deal_dynamics_risk_assessment": {
      "deal_stage_signals": "proposal/evaluation",
      "budget_risk_indicators": "none",
      "timeline_risk_indicators": "no_delays",
      "churn_risk_indicators": "low"
    },
    "deal_insights": {
      "key_objections": "clarification_on_implementation_support",
      "decision_maker_status": "influencer",
      "urgency_level": "moderate",
      "competitive_position": "not applicable"
    }
  }
--------------------------------
Personality analysis completed successfullyResponse: 
  {
    "prospect_name": "Sophia Nguyen",
    "personality_communication_profile": {
      "personality_traits": ["inquiring", "detail-oriented", "collaborative", "practical"],
      "communication_style": "direct",
      "decision_making_style": "consensus-seeking",
      "objection_style": "direct",
      "role_in_deal": "influencer"
    },
    "intent_sentiment": {
      "intent_signals": ["evaluating", "clarifying", "progressing"],
      "overall_sentiment": "positive",
      "tone_patterns": "inquiring"
    },
    "objections_concerns": {
      "objection_types": ["technical_limitations"],
      "objection_frequency_severity": "low_frequency_low_severity"
    },
    "communication_behavior": {
      "response_time": "moderate",
      "engagement_level": "high",
      "message_complexity": "moderate",
      "preferred_channel": "slack"
    },
    "deal_dynamics_risk_assessment": {
      "deal_stage_signals": "proposal_review",
      "budget_risk_indicators": "none",
      "timeline_risk_indicators": "none",
      "churn_risk_indicators": "low"
    },
    "deal_insights": {
      "key_objections": "implementation_support_details",
      "decision_maker_status": "key_influencer",
      "urgency_level": "moderate_to_high",
      "competitive_position": "unknown"
    }
  }
--------------------------------
Personality analysis completed successfullyResponse: 
  {
    "prospect_name": "Sophia Nguyen",
    "personality_communication_profile": {
      "personality_traits": ["professional", "decisive", "collaborative", "practical"],
      "communication_style": "professional, concise, direct",
      "decision_making_style": "consensus-seeking, practical, fast-mover",
      "objection_style": "direct, specific, collaborative",
      "role_in_deal": "influencer"
    },
    "intent_sentiment": {
      "intent_signals": ["acknowledging_receipt", "internal_review", "seeking_clarification", "moving_forward"],
      "overall_sentiment": "positive",
      "tone_patterns": "professional, appreciative, direct, forward-moving"
    },
    "objections_concerns": {
      "objection_types": ["service/scope-related"],
      "objection_frequency_severity": "low_frequency, low_severity"
    },
    "communication_behavior": {
      "response_time": "fast",
      "engagement_level": "high",
      "message_complexity": "short_replies, concise",
      "preferred_channel": "slack"
    },
    "deal_dynamics_risk_assessment": {
      "deal_stage_signals": "post-proposal_review, clarification, preparing_for_close",
      "budget_risk_indicators": "none",
      "timeline_risk_indicators": "low",
      "churn_risk_indicators": "low"
    },
    "deal_insights": {
      "key_objections": "clarification_on_implementation_support",
      "decision_maker_status": "influencer_facilitator",
      "urgency_level": "moderate_to_high",
      "competitive_position": "no_direct_indicators_of_competitors"
    }
  }
--------------------------------
Personality analysis completed successfullyResponse: 
  {
    "prospect_name": "Sophia",
    "personality_communication_profile": {
      "personality_traits": ["efficient", "proactive", "collaborative", "detail-oriented"],
      "communication_style": "direct",
      "decision_making_style": "consensus-seeking",
      "objection_style": "direct",
      "role_in_deal": "influencer"
    },
    "intent_sentiment": {
      "intent_signals": ["negotiate", "confirm", "set_timeline", "clarify", "driving_closure"],
      "overall_sentiment": "positive",
      "tone_patterns": "professional, efficient, optimistic, urgent"
    },
    "objections_concerns": {
      "objection_types": ["contract_terms", "scope_clarification"],
      "objection_frequency_severity": "low_frequency_low_severity"
    },
    "communication_behavior": {
      "response_time": "fast",
      "engagement_level": "high",
      "message_complexity": "concise",
      "preferred_channel": "Slack"
    },
    "deal_dynamics_risk_assessment": {
      "deal_stage_signals": "negotiation_to_close",
      "budget_risk_indicators": "low",
      "timeline_risk_indicators": "low",
      "churn_risk_indicators": "very_low"
    },
    "deal_insights": {
      "key_objections": "Termination clause wording and implementation support clarity.",
      "decision_maker_status": "Key influencer and facilitator, coordinating internal approvals.",
      "urgency_level": "high",
      "competitive_position": "strong"
    }
  }
--------------------------------
Personality analysis completed successfullyResponse: 
  {
    "prospect_name": "Sophia Nguyen",
    "personality_communication_profile": {
      "personality_traits": [
        "Collaborative",
        "Pragmatic",
        "Efficient",
        "Direct"
      ],
      "communication_style": "Professional and direct, transitioning to more casual and efficient (Slack) when appropriate.",
      "decision_making_style": "Consensus-seeking (involves RevOps lead), practical, values efficiency and speed.",
      "objection_style": "Direct, specific, and collaborative (relays team feedback).",
      "role_in_deal": "Influencer and key facilitator, coordinates internal review and relays feedback."
    },
    "intent_sentiment": {
      "intent_signals": [
        "Evaluating proposal",
        "Seeking internal alignment",
        "Clarifying specifics",
        "Expressing desire for faster communication",
        "Moving the deal forward"
      ],
      "overall_sentiment": "Positive-neutral, showing alignment and eagerness to progress.",
      "tone_patterns": "Professional, appreciative, direct, and practical."
    },
    "objections_concerns": {
      "objection_types": [
        "Scope clarification (implementation support)"
      ],
      "objection_frequency_severity": "Low frequency (one specific question) and low severity (easily resolved)."
    },
    "communication_behavior": {
      "response_time": "Fast and highly responsive (within seconds to minutes).",
      "engagement_level": "High engagement, proactive in communicating updates and suggesting channel shifts.",
      "message_complexity": "Short, concise, and direct replies.",
      "preferred_channel": "Slack, for its speed and efficiency, especially in later stages of negotiation."
    },
    "deal_dynamics_risk_assessment": {
      "deal_stage_signals": "Proposal review and negotiation, moving towards contract finalization.",
      "budget_risk_indicators": "None observed.",
      "timeline_risk_indicators": "None observed; shows active intent to expedite the process.",
      "churn_risk_indicators": "None; high engagement and positive momentum."
    },
    "deal_insights": {
      "key_objections": "The only notable concern was clarifying whether implementation support was included in the first month, which was quickly resolved.",
      "decision_maker_status": "She is a key influencer and coordinator, responsible for internal review and conveying feedback from the RevOps lead, but not the sole decision-maker.",
      "urgency_level": "High urgency, evidenced by quick response times and the explicit desire to move to Slack for faster communication.",
      "competitive_position": "Strong; no signs of competitor involvement or comparison, and the deal is progressing smoothly with minimal objections."
    }
  }
--------------------------------
Personality analysis completed successfullyResponse: 
  {
    "prospect_name": "Sophia Nguyen",
    "personality_communication_profile": {
      "personality_traits": ["professional", "appreciative", "direct", "efficient", "collaborative"],
      "communication_style": "professional, direct, and concise, with an emphasis on efficiency",
      "decision_making_style": "consensus-seeking (involves internal teams), practical, and efficiency-driven",
      "objection_style": "clarifying and direct (asks specific questions rather than broad objections)",
      "role_in_deal": "influencer and facilitator (relays feedback from internal teams, guides process)"
    },
    "intent_sentiment": {
      "intent_signals": ["acknowledging receipt", "internal review", "seeking clarification", "approving next steps", "facilitating efficient communication"],
      "overall_sentiment": "positive and collaborative towards the product and the conversation",
      "tone_patterns": "consistently professional, appreciative, and clear"
    },
    "objections_concerns": {
      "objection_types": ["clarification on scope/support (implementation)"],
      "objection_frequency_severity": "low frequency (only one question), low severity (easily resolved and not a deal-breaker)"
    },
    "communication_behavior": {
      "response_time": "fast and highly responsive (typically within seconds/minutes)",
      "engagement_level": "high (quick replies, clear updates, proactive in suggesting channel change)",
      "message_complexity": "short, concise, and to-the-point replies",
      "preferred_channel": "initially email, then explicitly prefers Slack for faster communication"
    },
    "deal_dynamics_risk_assessment": {
      "deal_stage_signals": "firmly in proposal review and negotiation stages, with strong signals towards closure",
      "budget_risk_indicators": "none observed",
      "timeline_risk_indicators": "low; actively seeking to accelerate internal processes by moving to Slack",
      "churn_risk_indicators": "very low; high engagement and positive progression indicate strong deal health"
    },
    "deal_insights": {
      "key_objections": "clarification regarding implementation support for the first month, which was quickly resolved",
      "decision_maker_status": "influencer and facilitator; she passes information to and from internal stakeholders (e.g., RevOps lead) but does not appear to be the final decision-maker",
      "urgency_level": "moderate to high; her desire to move to Slack for speed suggests an internal push for efficiency and closure",
      "competitive_position": "not explicitly mentioned in the data; however, the deal appears to be progressing positively without clear competitive pressure"
    }
  }
--------------------------------
Personality analysis completed successfullyResponse: 
  {
    "prospect_name": "Sophia Nguyen",
    "personality_communication_profile": {
      "personality_traits": ["appreciative", "efficient", "decisive", "practical", "collaborative"],
      "communication_style": "professional, appreciative, direct, efficient",
      "decision_making_style": "consensus-seeking, practical, fast-mover (once clarity is achieved)",
      "objection_style": "direct, collaborative (seeking clarification)",
      "role_in_deal": "influencer, coordinator"
    },
    "intent_sentiment": {
      "intent_signals": ["evaluating", "internal review", "clarifying", "progressing deal", "directing next steps"],
      "overall_sentiment": "positive",
      "tone_patterns": "professional, appreciative, direct, efficient, pragmatic"
    },
    "objections_concerns": {
      "objection_types": ["clarification_needed", "feature_scope"],
      "objection_frequency_severity": "low frequency (one instance), low severity (easily resolved clarification)"
    },
    "communication_behavior": {
      "response_time": "fast",
      "engagement_level": "high",
      "message_complexity": "short replies, concise",
      "preferred_channel": "email initially, then explicitly requested Slack for faster communication"
    },
    "deal_dynamics_risk_assessment": {
      "deal_stage_signals": "proposal review, internal alignment, clarification, moving to negotiation/closing",
      "budget_risk_indicators": "low risk (discount already discussed, no pushback on cost)",
      "timeline_risk_indicators": "low risk (prospect indicates urgency and pushes for faster communication)",
      "churn_risk_indicators": "low risk (high engagement, positive sentiment, proactive communication)"
    },
    "deal_insights": {
      "key_objections": "clarification regarding implementation support (easily resolved)",
      "decision_maker_status": "influencer/coordinator (involves RevOps lead, but drives process)",
      "urgency_level": "high (appreciates quick turnaround, suggests moving to Slack for speed)",
      "competitive_position": "appears strong (no explicit mention of competitors or competitive pressure)"
    }
  }
--------------------------------
Personality analysis completed successfullyResponse: 
  {
    "prospect_name": "Sophia Nguyen",
    "personality_communication_profile": {
      "personality_traits": ["professional", "pragmatic", "collaborative", "decisive", "appreciative"],
      "communication_style": "professional, direct, concise, appreciative",
      "decision_making_style": "consensus-seeking (involves internal teams), practical, fast-mover once clear on details",
      "objection_style": "direct, collaborative (seeking clarification on behalf of team)",
      "role_in_deal": "influencer, key stakeholder, facilitator (coordinates internal reviews)"
    },
    "intent_sentiment": {
      "intent_signals": ["acknowledge proposal", "internal review", "clarify details", "confirm agreement", "transition communication channel", "deal progression"],
      "overall_sentiment": "positive, professional",
      "tone_patterns": "professional, appreciative, direct, clear"
    },
    "objections_concerns": {
      "objection_types": ["technical/implementation (specific feature inclusion)"],
      "objection_frequency_severity": "low frequency (one instance), low severity (clarification question, not a blocker)"
    },
    "communication_behavior": {
      "response_time": "fast",
      "engagement_level": "high (active participation, proactive in channel change)",
      "message_complexity": "short, concise replies focused on specific information and next steps",
      "preferred_channel": "Slack (expressed preference for speed)"
    },
    "deal_dynamics_risk_assessment": {
      "deal_stage_signals": "proposal review, clarification, moving towards close",
      "budget_risk_indicators": "low (no mention of budget issues, discount already reflected)",
      "timeline_risk_indicators": "low (appreciates quick turnarounds, no indication of delays)",
      "churn_risk_indicators": "low (high engagement, clear communication, active in moving deal forward)"
    },
    "deal_insights": {
      "key_objections": "clarification on implementation support inclusion",
      "decision_maker_status": "influencer/facilitator (consults with RevOps lead and team, but drives internal process)",
      "urgency_level": "moderate (desires quick turnaround, prefers faster communication channel)",
      "competitive_position": "unknown (no competitor mentions in the provided data)"
    }
  }
--------------------------------
Personality analysis completed successfullyResponse: 
  {
    "prospect_name": "Sophia Nguyen",
    "personality_communication_profile": {
      "personality_traits": ["professional", "appreciative", "decisive", "collaborative"],
      "communication_style": "professional, appreciative, direct, clear",
      "decision_making_style": "consensus-seeking (involving RevOps), practical (prefers faster communication), detail-oriented (inquiring about implementation)",
      "objection_style": "collaborative, seeking clarification",
      "role_in_deal": "influencer"
    },
    "intent_sentiment": {
      "intent_signals": ["acknowledging receipt", "internal review", "seeking clarification", "committing to follow-up", "transitioning communication"],
      "overall_sentiment": "positive",
      "tone_patterns": "professional, appreciative, inquiring, decisive"
    },
    "objections_concerns": {
      "objection_types": ["implementation support (clarification)"],
      "objection_frequency_severity": "low frequency, low severity"
    },
    "communication_behavior": {
      "response_time": "fast",
      "engagement_level": "high",
      "message_complexity": "concise, professional",
      "preferred_channel": "initially email, then Slack for speed"
    },
    "deal_dynamics_risk_assessment": {
      "deal_stage_signals": "proposal review, negotiation, moving towards close",
      "budget_risk_indicators": "none",
      "timeline_risk_indicators": "none (actively seeking to accelerate with Slack move)",
      "churn_risk_indicators": "low"
    },
    "deal_insights": {
      "key_objections": "clarification on implementation support inclusion",
      "decision_maker_status": "influencer/facilitator, involving RevOps lead for final sign-off",
      "urgency_level": "moderate to high (appreciates quick turnaround, wants faster communication)",
      "competitive_position": "strong (no mention of competitors, focus is on internal alignment)"
    }
  }
--------------------------------
Personality analysis completed successfullyResponse: 
  {
    "prospect_name": "Sophia Nguyen",
    "personality_communication_profile": {
      "personality_traits": ["professional", "efficient", "collaborative", "action-oriented"],
      "communication_style": "professional, direct, concise, later grateful and urgent",
      "decision_making_style": "consensus-seeking, fast-mover once information is clear",
      "objection_style": "direct and clear",
      "role_in_deal": "influencer and key point of contact, facilitating internal review"
    },
    "intent_sentiment": {
      "intent_signals": ["acknowledging receipt", "forwarding for internal review", "clarifying terms", "facilitating next steps", "evaluating"],
      "overall_sentiment": "positive and aligned",
      "tone_patterns": "professional, direct, becomes grateful and urgent when a key concern is resolved and aiming to expedite"
    },
    "objections_concerns": {
      "objection_types": ["technical_scope_clarification"],
      "objection_frequency_severity": "low frequency (one specific question raised), low severity (easily resolved clarification)"
    },
    "communication_behavior": {
      "response_time": "fast",
      "engagement_level": "high engagement (prompt responses, active forwarding, proactive channel shift)",
      "message_complexity": "short, concise, and direct replies",
      "preferred_channel": "initially email, prefers Slack for faster communication at this stage"
    },
    "deal_dynamics_risk_assessment": {
      "deal_stage_signals": "proposal review and negotiation/clarification stage",
      "budget_risk_indicators": "none observed",
      "timeline_risk_indicators": "low risk (active engagement and desire to expedite)",
      "churn_risk_indicators": "low risk (proactive engagement, positive sentiment, clear communication)"
    },
    "deal_insights": {
      "key_objections": "clarification around 'implementation support' being included, which was easily addressed",
      "decision_maker_status": "influencer / key point of contact (facilitating internal consensus, but not the ultimate signatory)",
      "urgency_level": "moderate to high (indicated by quick responses and desire to shift to Slack)",
      "competitive_position": "not explicitly mentioned; no indications of other vendors"
    }
  }
--------------------------------
Personality analysis completed successfullyResponse: 
  {
    "prospect_name": "Sophia Nguyen",
    "personality_communication_profile": {
      "personality_traits": ["professional", "process-oriented", "collaborative", "efficient"],
      "communication_style": "professional",
      "decision_making_style": "consensus-seeking",
      "objection_style": "direct inquiry",
      "role_in_deal": "influencer"
    },
    "intent_sentiment": {
      "intent_signals": ["evaluating", "seeking clarification", "moving forward"],
      "overall_sentiment": "positive",
      "tone_patterns": "professional"
    },
    "objections_concerns": {
      "objection_types": ["technical clarification"],
      "objection_frequency_severity": "low frequency, low severity"
    },
    "communication_behavior": {
      "response_time": "fast",
      "engagement_level": "high",
      "message_complexity": "short replies",
      "preferred_channel": "slack"
    },
    "deal_dynamics_risk_assessment": {
      "deal_stage_signals": "negotiation",
      "budget_risk_indicators": "none",
      "timeline_risk_indicators": "low risk",
      "churn_risk_indicators": "low risk"
    },
    "deal_insights": {
      "key_objections": "clarification on implementation support inclusion",
      "decision_maker_status": "influencer",
      "urgency_level": "moderate to high",
      "competitive_position": "unknown"
    }
  }
--------------------------------
